{"__type":"$$EventMessageAudit","id":"8b37f531-2754-4790-9400-390438c92d65","ts":"2025-10-19T01:18:46.816+00:00","eventName":"n8n.audit.user.login.failed","message":"n8n.audit.user.login.failed","payload":{"authenticationMethod":"email","userEmail":"ddeboraf.mar@gmail.com","reason":"wrong credentials"}}
{"__type":"$$EventMessageConfirm","confirm":"8b37f531-2754-4790-9400-390438c92d65","ts":"2025-10-19T01:18:46.816+00:00","source":{"id":"0","name":"eventBus"}}
{"__type":"$$EventMessageAudit","id":"c6c738e2-5272-4c18-b4e2-cd14ed552950","ts":"2025-10-19T01:19:01.542+00:00","eventName":"n8n.audit.user.login.success","message":"n8n.audit.user.login.success","payload":{"userId":"39064bdd-73ac-4d3e-9c42-3f973a056be9","_email":"ddeboraf.mar@gmail.com","_firstName":"Debora","_lastName":"martins","globalRole":"global:owner","authenticationMethod":"email"}}
{"__type":"$$EventMessageConfirm","confirm":"c6c738e2-5272-4c18-b4e2-cd14ed552950","ts":"2025-10-19T01:19:01.542+00:00","source":{"id":"0","name":"eventBus"}}
{"__type":"$$EventMessageWorkflow","id":"671998bd-358f-4f49-bbb6-5517e97da8ce","ts":"2025-10-19T01:20:12.357+00:00","eventName":"n8n.workflow.failed","message":"n8n.workflow.failed","payload":{"userId":"39064bdd-73ac-4d3e-9c42-3f973a056be9","executionId":"14","success":false,"isManual":true,"workflowId":"p4sRSlnbCRxmGZc2","workflowName":"My workflow","errorMessage":"The workflow has issues and cannot be executed for that reason. Please fix them first."}}
{"__type":"$$EventMessageConfirm","confirm":"671998bd-358f-4f49-bbb6-5517e97da8ce","ts":"2025-10-19T01:20:12.357+00:00","source":{"id":"0","name":"eventBus"}}
{"__type":"$$EventMessageWorkflow","id":"d39680eb-4405-48f4-b5af-d28d468d1b99","ts":"2025-10-19T01:20:14.556+00:00","eventName":"n8n.workflow.failed","message":"n8n.workflow.failed","payload":{"userId":"39064bdd-73ac-4d3e-9c42-3f973a056be9","executionId":"15","success":false,"isManual":true,"workflowId":"p4sRSlnbCRxmGZc2","workflowName":"My workflow","errorMessage":"The workflow has issues and cannot be executed for that reason. Please fix them first."}}
{"__type":"$$EventMessageConfirm","confirm":"d39680eb-4405-48f4-b5af-d28d468d1b99","ts":"2025-10-19T01:20:14.556+00:00","source":{"id":"0","name":"eventBus"}}
{"__type":"$$EventMessageWorkflow","id":"4d5340a4-6b28-4c85-995b-8e0e5dd1c4aa","ts":"2025-10-19T01:20:48.796+00:00","eventName":"n8n.workflow.started","message":"n8n.workflow.started","payload":{"executionId":"16","workflowId":"p4sRSlnbCRxmGZc2","isManual":false,"workflowName":"My workflow"}}
{"__type":"$$EventMessageConfirm","confirm":"4d5340a4-6b28-4c85-995b-8e0e5dd1c4aa","ts":"2025-10-19T01:20:48.796+00:00","source":{"id":"0","name":"eventBus"}}
{"__type":"$$EventMessageNode","id":"9bbe2e67-d30c-4c13-92d6-7a940069760d","ts":"2025-10-19T01:20:48.798+00:00","eventName":"n8n.node.started","message":"n8n.node.started","payload":{"workflowId":"p4sRSlnbCRxmGZc2","workflowName":"My workflow","executionId":"16","nodeType":"n8n-nodes-base.manualTrigger","nodeName":"When clicking ‘Execute workflow’","nodeId":"e1707955-41b6-4ba7-a178-5656e361ee98"}}
{"__type":"$$EventMessageConfirm","confirm":"9bbe2e67-d30c-4c13-92d6-7a940069760d","ts":"2025-10-19T01:20:48.798+00:00","source":{"id":"0","name":"eventBus"}}
{"__type":"$$EventMessageNode","id":"0a5c63ee-84cd-401b-b954-708464dbcf41","ts":"2025-10-19T01:20:48.805+00:00","eventName":"n8n.node.finished","message":"n8n.node.finished","payload":{"workflowId":"p4sRSlnbCRxmGZc2","workflowName":"My workflow","executionId":"16","nodeType":"n8n-nodes-base.manualTrigger","nodeName":"When clicking ‘Execute workflow’","nodeId":"e1707955-41b6-4ba7-a178-5656e361ee98"}}
{"__type":"$$EventMessageConfirm","confirm":"0a5c63ee-84cd-401b-b954-708464dbcf41","ts":"2025-10-19T01:20:48.806+00:00","source":{"id":"0","name":"eventBus"}}
{"__type":"$$EventMessageNode","id":"1740010f-92db-4617-afe8-2d32518cc10e","ts":"2025-10-19T01:20:48.807+00:00","eventName":"n8n.node.started","message":"n8n.node.started","payload":{"workflowId":"p4sRSlnbCRxmGZc2","workflowName":"My workflow","executionId":"16","nodeType":"n8n-nodes-base.httpRequest","nodeName":"HTTP Request","nodeId":"1140eb38-1907-4311-8b4e-68dbef5af40e"}}
{"__type":"$$EventMessageConfirm","confirm":"1740010f-92db-4617-afe8-2d32518cc10e","ts":"2025-10-19T01:20:48.808+00:00","source":{"id":"0","name":"eventBus"}}
{"__type":"$$EventMessageNode","id":"57824dc2-35cf-4ffb-a78b-3b2c17957121","ts":"2025-10-18T21:20:49.529-04:00","eventName":"n8n.node.finished","message":"n8n.node.finished","payload":{"workflowId":"p4sRSlnbCRxmGZc2","workflowName":"My workflow","executionId":"16","nodeType":"n8n-nodes-base.httpRequest","nodeName":"HTTP Request","nodeId":"1140eb38-1907-4311-8b4e-68dbef5af40e"}}
{"__type":"$$EventMessageConfirm","confirm":"57824dc2-35cf-4ffb-a78b-3b2c17957121","ts":"2025-10-18T21:20:49.530-04:00","source":{"id":"0","name":"eventBus"}}
{"__type":"$$EventMessageNode","id":"3c1b3fb7-82a0-43c9-b27a-c1749dfcbdbf","ts":"2025-10-18T21:20:49.532-04:00","eventName":"n8n.node.started","message":"n8n.node.started","payload":{"workflowId":"p4sRSlnbCRxmGZc2","workflowName":"My workflow","executionId":"16","nodeType":"n8n-nodes-base.code","nodeName":"Code in JavaScript","nodeId":"18e2a021-707b-4047-8b48-afb879eddb96"}}
{"__type":"$$EventMessageConfirm","confirm":"3c1b3fb7-82a0-43c9-b27a-c1749dfcbdbf","ts":"2025-10-18T21:20:49.533-04:00","source":{"id":"0","name":"eventBus"}}
{"__type":"$$EventMessageNode","id":"aaceb2c4-037c-4a1b-9e0f-c6a46bc7898c","ts":"2025-10-18T21:20:49.575-04:00","eventName":"n8n.node.finished","message":"n8n.node.finished","payload":{"workflowId":"p4sRSlnbCRxmGZc2","workflowName":"My workflow","executionId":"16","nodeType":"n8n-nodes-base.code","nodeName":"Code in JavaScript","nodeId":"18e2a021-707b-4047-8b48-afb879eddb96"}}
{"__type":"$$EventMessageConfirm","confirm":"aaceb2c4-037c-4a1b-9e0f-c6a46bc7898c","ts":"2025-10-18T21:20:49.576-04:00","source":{"id":"0","name":"eventBus"}}
{"__type":"$$EventMessageNode","id":"5bb8405c-4bc0-4fd2-b390-d41b7958946b","ts":"2025-10-18T21:20:49.579-04:00","eventName":"n8n.node.started","message":"n8n.node.started","payload":{"workflowId":"p4sRSlnbCRxmGZc2","workflowName":"My workflow","executionId":"16","nodeType":"n8n-nodes-base.set","nodeName":"Edit Fields","nodeId":"41062e14-9b9d-42aa-941b-3a3a0807e203"}}
{"__type":"$$EventMessageConfirm","confirm":"5bb8405c-4bc0-4fd2-b390-d41b7958946b","ts":"2025-10-18T21:20:49.579-04:00","source":{"id":"0","name":"eventBus"}}
{"__type":"$$EventMessageNode","id":"aecc81af-a41c-4d53-b553-71f5c758e19f","ts":"2025-10-18T21:20:49.639-04:00","eventName":"n8n.node.finished","message":"n8n.node.finished","payload":{"workflowId":"p4sRSlnbCRxmGZc2","workflowName":"My workflow","executionId":"16","nodeType":"n8n-nodes-base.set","nodeName":"Edit Fields","nodeId":"41062e14-9b9d-42aa-941b-3a3a0807e203"}}
{"__type":"$$EventMessageConfirm","confirm":"aecc81af-a41c-4d53-b553-71f5c758e19f","ts":"2025-10-18T21:20:49.639-04:00","source":{"id":"0","name":"eventBus"}}
{"__type":"$$EventMessageWorkflow","id":"bafcee92-d265-4f5a-ac1a-4659b4aa6a2e","ts":"2025-10-18T21:20:49.643-04:00","eventName":"n8n.workflow.success","message":"n8n.workflow.success","payload":{"userId":"39064bdd-73ac-4d3e-9c42-3f973a056be9","executionId":"16","success":true,"isManual":true,"workflowId":"p4sRSlnbCRxmGZc2","workflowName":"My workflow"}}
{"__type":"$$EventMessageConfirm","confirm":"bafcee92-d265-4f5a-ac1a-4659b4aa6a2e","ts":"2025-10-18T21:20:49.643-04:00","source":{"id":"0","name":"eventBus"}}
{"__type":"$$EventMessageAudit","id":"0203367b-f33e-40fe-a918-8393a50c6c9d","ts":"2025-10-18T21:21:19.927-04:00","eventName":"n8n.audit.workflow.updated","message":"n8n.audit.workflow.updated","payload":{"userId":"39064bdd-73ac-4d3e-9c42-3f973a056be9","_email":"ddeboraf.mar@gmail.com","_firstName":"Debora","_lastName":"martins","globalRole":"global:owner","workflowId":"p4sRSlnbCRxmGZc2","workflowName":"My workflow"}}
{"__type":"$$EventMessageConfirm","confirm":"0203367b-f33e-40fe-a918-8393a50c6c9d","ts":"2025-10-18T21:21:19.927-04:00","source":{"id":"0","name":"eventBus"}}
{"__type":"$$EventMessageWorkflow","id":"49053d4f-eef6-47db-9c8b-daf1d4040b36","ts":"2025-10-18T21:21:41.034-04:00","eventName":"n8n.workflow.started","message":"n8n.workflow.started","payload":{"executionId":"17","workflowId":"p4sRSlnbCRxmGZc2","isManual":false,"workflowName":"My workflow"}}
{"__type":"$$EventMessageConfirm","confirm":"49053d4f-eef6-47db-9c8b-daf1d4040b36","ts":"2025-10-18T21:21:41.035-04:00","source":{"id":"0","name":"eventBus"}}
{"__type":"$$EventMessageNode","id":"4a6c346b-2a7c-490b-924a-8aaba19b6e27","ts":"2025-10-18T21:21:41.035-04:00","eventName":"n8n.node.started","message":"n8n.node.started","payload":{"workflowId":"p4sRSlnbCRxmGZc2","workflowName":"My workflow","executionId":"17","nodeType":"n8n-nodes-base.manualTrigger","nodeName":"When clicking ‘Execute workflow’","nodeId":"e1707955-41b6-4ba7-a178-5656e361ee98"}}
{"__type":"$$EventMessageConfirm","confirm":"4a6c346b-2a7c-490b-924a-8aaba19b6e27","ts":"2025-10-18T21:21:41.036-04:00","source":{"id":"0","name":"eventBus"}}
{"__type":"$$EventMessageNode","id":"d34e3374-976e-4cc8-b54d-a5720370c5f9","ts":"2025-10-18T21:21:41.037-04:00","eventName":"n8n.node.finished","message":"n8n.node.finished","payload":{"workflowId":"p4sRSlnbCRxmGZc2","workflowName":"My workflow","executionId":"17","nodeType":"n8n-nodes-base.manualTrigger","nodeName":"When clicking ‘Execute workflow’","nodeId":"e1707955-41b6-4ba7-a178-5656e361ee98"}}
{"__type":"$$EventMessageConfirm","confirm":"d34e3374-976e-4cc8-b54d-a5720370c5f9","ts":"2025-10-18T21:21:41.037-04:00","source":{"id":"0","name":"eventBus"}}
{"__type":"$$EventMessageNode","id":"2f98cadb-80d6-4539-a606-b489400ffc96","ts":"2025-10-18T21:21:41.038-04:00","eventName":"n8n.node.started","message":"n8n.node.started","payload":{"workflowId":"p4sRSlnbCRxmGZc2","workflowName":"My workflow","executionId":"17","nodeType":"n8n-nodes-base.httpRequest","nodeName":"HTTP Request","nodeId":"1140eb38-1907-4311-8b4e-68dbef5af40e"}}
{"__type":"$$EventMessageConfirm","confirm":"2f98cadb-80d6-4539-a606-b489400ffc96","ts":"2025-10-18T21:21:41.038-04:00","source":{"id":"0","name":"eventBus"}}
{"__type":"$$EventMessageNode","id":"c69f53dd-b034-4eb6-bab8-37a93af894f3","ts":"2025-10-18T21:21:41.720-04:00","eventName":"n8n.node.finished","message":"n8n.node.finished","payload":{"workflowId":"p4sRSlnbCRxmGZc2","workflowName":"My workflow","executionId":"17","nodeType":"n8n-nodes-base.httpRequest","nodeName":"HTTP Request","nodeId":"1140eb38-1907-4311-8b4e-68dbef5af40e"}}
{"__type":"$$EventMessageConfirm","confirm":"c69f53dd-b034-4eb6-bab8-37a93af894f3","ts":"2025-10-18T21:21:41.721-04:00","source":{"id":"0","name":"eventBus"}}
{"__type":"$$EventMessageNode","id":"eca4e41b-0e4a-418a-9278-c9525e29707d","ts":"2025-10-18T21:21:41.731-04:00","eventName":"n8n.node.started","message":"n8n.node.started","payload":{"workflowId":"p4sRSlnbCRxmGZc2","workflowName":"My workflow","executionId":"17","nodeType":"n8n-nodes-base.code","nodeName":"Code in JavaScript","nodeId":"18e2a021-707b-4047-8b48-afb879eddb96"}}
{"__type":"$$EventMessageConfirm","confirm":"eca4e41b-0e4a-418a-9278-c9525e29707d","ts":"2025-10-18T21:21:41.731-04:00","source":{"id":"0","name":"eventBus"}}
{"__type":"$$EventMessageNode","id":"f718d3d5-e630-447b-9cfa-396e17066752","ts":"2025-10-18T21:21:41.746-04:00","eventName":"n8n.node.finished","message":"n8n.node.finished","payload":{"workflowId":"p4sRSlnbCRxmGZc2","workflowName":"My workflow","executionId":"17","nodeType":"n8n-nodes-base.code","nodeName":"Code in JavaScript","nodeId":"18e2a021-707b-4047-8b48-afb879eddb96"}}
{"__type":"$$EventMessageConfirm","confirm":"f718d3d5-e630-447b-9cfa-396e17066752","ts":"2025-10-18T21:21:41.747-04:00","source":{"id":"0","name":"eventBus"}}
{"__type":"$$EventMessageNode","id":"61c65144-2a96-40ab-b3fa-5d1a525e70eb","ts":"2025-10-18T21:21:41.750-04:00","eventName":"n8n.node.started","message":"n8n.node.started","payload":{"workflowId":"p4sRSlnbCRxmGZc2","workflowName":"My workflow","executionId":"17","nodeType":"n8n-nodes-base.set","nodeName":"Edit Fields","nodeId":"41062e14-9b9d-42aa-941b-3a3a0807e203"}}
{"__type":"$$EventMessageConfirm","confirm":"61c65144-2a96-40ab-b3fa-5d1a525e70eb","ts":"2025-10-18T21:21:41.750-04:00","source":{"id":"0","name":"eventBus"}}
{"__type":"$$EventMessageNode","id":"aac36c5a-e7c1-4ff3-8249-e6d236a9c960","ts":"2025-10-18T21:21:41.759-04:00","eventName":"n8n.node.finished","message":"n8n.node.finished","payload":{"workflowId":"p4sRSlnbCRxmGZc2","workflowName":"My workflow","executionId":"17","nodeType":"n8n-nodes-base.set","nodeName":"Edit Fields","nodeId":"41062e14-9b9d-42aa-941b-3a3a0807e203"}}
{"__type":"$$EventMessageConfirm","confirm":"aac36c5a-e7c1-4ff3-8249-e6d236a9c960","ts":"2025-10-18T21:21:41.759-04:00","source":{"id":"0","name":"eventBus"}}
{"__type":"$$EventMessageNode","id":"a79b49cc-faf6-4f81-ac67-06fa0334a835","ts":"2025-10-18T21:21:41.760-04:00","eventName":"n8n.node.started","message":"n8n.node.started","payload":{"workflowId":"p4sRSlnbCRxmGZc2","workflowName":"My workflow","executionId":"17","nodeType":"n8n-nodes-base.mySql","nodeName":"Insert rows in a table","nodeId":"e7f56cff-2641-4359-b134-883d52f7b34e"}}
{"__type":"$$EventMessageConfirm","confirm":"a79b49cc-faf6-4f81-ac67-06fa0334a835","ts":"2025-10-18T21:21:41.760-04:00","source":{"id":"0","name":"eventBus"}}
{"__type":"$$EventMessageNode","id":"a939dcc4-da1a-4a25-b9db-145a4c4f07e6","ts":"2025-10-18T21:21:41.854-04:00","eventName":"n8n.node.finished","message":"n8n.node.finished","payload":{"workflowId":"p4sRSlnbCRxmGZc2","workflowName":"My workflow","executionId":"17","nodeType":"n8n-nodes-base.mySql","nodeName":"Insert rows in a table","nodeId":"e7f56cff-2641-4359-b134-883d52f7b34e"}}
{"__type":"$$EventMessageConfirm","confirm":"a939dcc4-da1a-4a25-b9db-145a4c4f07e6","ts":"2025-10-18T21:21:41.854-04:00","source":{"id":"0","name":"eventBus"}}
{"__type":"$$EventMessageWorkflow","id":"deb1611b-9b89-4c60-aaff-6e9f8051f68f","ts":"2025-10-18T21:21:41.859-04:00","eventName":"n8n.workflow.success","message":"n8n.workflow.success","payload":{"userId":"39064bdd-73ac-4d3e-9c42-3f973a056be9","executionId":"17","success":true,"isManual":true,"workflowId":"p4sRSlnbCRxmGZc2","workflowName":"My workflow"}}
{"__type":"$$EventMessageConfirm","confirm":"deb1611b-9b89-4c60-aaff-6e9f8051f68f","ts":"2025-10-18T21:21:41.859-04:00","source":{"id":"0","name":"eventBus"}}
{"__type":"$$EventMessageAudit","id":"0881252b-35c7-400b-a257-0b0e547f88a0","ts":"2025-10-18T21:21:47.695-04:00","eventName":"n8n.audit.workflow.updated","message":"n8n.audit.workflow.updated","payload":{"userId":"39064bdd-73ac-4d3e-9c42-3f973a056be9","_email":"ddeboraf.mar@gmail.com","_firstName":"Debora","_lastName":"martins","globalRole":"global:owner","workflowId":"p4sRSlnbCRxmGZc2","workflowName":"My workflow"}}
{"__type":"$$EventMessageConfirm","confirm":"0881252b-35c7-400b-a257-0b0e547f88a0","ts":"2025-10-18T21:21:47.695-04:00","source":{"id":"0","name":"eventBus"}}
{"__type":"$$EventMessageWorkflow","id":"aacfea7a-b901-41b8-a19e-f643fb9dded0","ts":"2025-10-18T21:21:53.175-04:00","eventName":"n8n.workflow.started","message":"n8n.workflow.started","payload":{"executionId":"18","workflowId":"p4sRSlnbCRxmGZc2","isManual":false,"workflowName":"My workflow"}}
{"__type":"$$EventMessageConfirm","confirm":"aacfea7a-b901-41b8-a19e-f643fb9dded0","ts":"2025-10-18T21:21:53.175-04:00","source":{"id":"0","name":"eventBus"}}
{"__type":"$$EventMessageNode","id":"00061874-3634-4f83-afdd-b30fb7b26d37","ts":"2025-10-18T21:21:53.176-04:00","eventName":"n8n.node.started","message":"n8n.node.started","payload":{"workflowId":"p4sRSlnbCRxmGZc2","workflowName":"My workflow","executionId":"18","nodeType":"n8n-nodes-base.manualTrigger","nodeName":"When clicking ‘Execute workflow’","nodeId":"e1707955-41b6-4ba7-a178-5656e361ee98"}}
{"__type":"$$EventMessageConfirm","confirm":"00061874-3634-4f83-afdd-b30fb7b26d37","ts":"2025-10-18T21:21:53.176-04:00","source":{"id":"0","name":"eventBus"}}
{"__type":"$$EventMessageNode","id":"dd67c141-fb73-4bf4-8a18-b89e3b8fea28","ts":"2025-10-18T21:21:53.178-04:00","eventName":"n8n.node.finished","message":"n8n.node.finished","payload":{"workflowId":"p4sRSlnbCRxmGZc2","workflowName":"My workflow","executionId":"18","nodeType":"n8n-nodes-base.manualTrigger","nodeName":"When clicking ‘Execute workflow’","nodeId":"e1707955-41b6-4ba7-a178-5656e361ee98"}}
{"__type":"$$EventMessageConfirm","confirm":"dd67c141-fb73-4bf4-8a18-b89e3b8fea28","ts":"2025-10-18T21:21:53.178-04:00","source":{"id":"0","name":"eventBus"}}
{"__type":"$$EventMessageNode","id":"c9f540fa-4426-4d6f-b1cb-153a6fc3efe7","ts":"2025-10-18T21:21:53.180-04:00","eventName":"n8n.node.started","message":"n8n.node.started","payload":{"workflowId":"p4sRSlnbCRxmGZc2","workflowName":"My workflow","executionId":"18","nodeType":"n8n-nodes-base.httpRequest","nodeName":"HTTP Request","nodeId":"1140eb38-1907-4311-8b4e-68dbef5af40e"}}
{"__type":"$$EventMessageConfirm","confirm":"c9f540fa-4426-4d6f-b1cb-153a6fc3efe7","ts":"2025-10-18T21:21:53.180-04:00","source":{"id":"0","name":"eventBus"}}
{"__type":"$$EventMessageNode","id":"13660540-62c0-4dd4-bb0a-dee1cb907589","ts":"2025-10-18T21:21:53.799-04:00","eventName":"n8n.node.finished","message":"n8n.node.finished","payload":{"workflowId":"p4sRSlnbCRxmGZc2","workflowName":"My workflow","executionId":"18","nodeType":"n8n-nodes-base.httpRequest","nodeName":"HTTP Request","nodeId":"1140eb38-1907-4311-8b4e-68dbef5af40e"}}
{"__type":"$$EventMessageConfirm","confirm":"13660540-62c0-4dd4-bb0a-dee1cb907589","ts":"2025-10-18T21:21:53.799-04:00","source":{"id":"0","name":"eventBus"}}
{"__type":"$$EventMessageNode","id":"74611389-5828-44e2-b468-60740ee1f327","ts":"2025-10-18T21:21:53.801-04:00","eventName":"n8n.node.started","message":"n8n.node.started","payload":{"workflowId":"p4sRSlnbCRxmGZc2","workflowName":"My workflow","executionId":"18","nodeType":"n8n-nodes-base.code","nodeName":"Code in JavaScript","nodeId":"18e2a021-707b-4047-8b48-afb879eddb96"}}
{"__type":"$$EventMessageConfirm","confirm":"74611389-5828-44e2-b468-60740ee1f327","ts":"2025-10-18T21:21:53.801-04:00","source":{"id":"0","name":"eventBus"}}
{"__type":"$$EventMessageNode","id":"52f6d39c-bef9-4bb5-b21a-9b89bbd06232","ts":"2025-10-18T21:21:53.813-04:00","eventName":"n8n.node.finished","message":"n8n.node.finished","payload":{"workflowId":"p4sRSlnbCRxmGZc2","workflowName":"My workflow","executionId":"18","nodeType":"n8n-nodes-base.code","nodeName":"Code in JavaScript","nodeId":"18e2a021-707b-4047-8b48-afb879eddb96"}}
{"__type":"$$EventMessageConfirm","confirm":"52f6d39c-bef9-4bb5-b21a-9b89bbd06232","ts":"2025-10-18T21:21:53.813-04:00","source":{"id":"0","name":"eventBus"}}
{"__type":"$$EventMessageNode","id":"65361856-ea19-464f-868c-ca563abd8526","ts":"2025-10-18T21:21:53.815-04:00","eventName":"n8n.node.started","message":"n8n.node.started","payload":{"workflowId":"p4sRSlnbCRxmGZc2","workflowName":"My workflow","executionId":"18","nodeType":"n8n-nodes-base.set","nodeName":"Edit Fields","nodeId":"41062e14-9b9d-42aa-941b-3a3a0807e203"}}
{"__type":"$$EventMessageConfirm","confirm":"65361856-ea19-464f-868c-ca563abd8526","ts":"2025-10-18T21:21:53.815-04:00","source":{"id":"0","name":"eventBus"}}
{"__type":"$$EventMessageNode","id":"108d653c-ac30-44bb-840d-d00de4cd53cc","ts":"2025-10-18T21:21:53.822-04:00","eventName":"n8n.node.finished","message":"n8n.node.finished","payload":{"workflowId":"p4sRSlnbCRxmGZc2","workflowName":"My workflow","executionId":"18","nodeType":"n8n-nodes-base.set","nodeName":"Edit Fields","nodeId":"41062e14-9b9d-42aa-941b-3a3a0807e203"}}
{"__type":"$$EventMessageConfirm","confirm":"108d653c-ac30-44bb-840d-d00de4cd53cc","ts":"2025-10-18T21:21:53.822-04:00","source":{"id":"0","name":"eventBus"}}
{"__type":"$$EventMessageNode","id":"92416025-9696-4bfd-80ce-f06688913e0f","ts":"2025-10-18T21:21:53.824-04:00","eventName":"n8n.node.started","message":"n8n.node.started","payload":{"workflowId":"p4sRSlnbCRxmGZc2","workflowName":"My workflow","executionId":"18","nodeType":"n8n-nodes-base.mySql","nodeName":"Insert rows in a table","nodeId":"e7f56cff-2641-4359-b134-883d52f7b34e"}}
{"__type":"$$EventMessageConfirm","confirm":"92416025-9696-4bfd-80ce-f06688913e0f","ts":"2025-10-18T21:21:53.824-04:00","source":{"id":"0","name":"eventBus"}}
{"__type":"$$EventMessageNode","id":"2c8f5740-1d9d-4d60-8ff7-1a29e0d25343","ts":"2025-10-18T21:21:53.849-04:00","eventName":"n8n.node.finished","message":"n8n.node.finished","payload":{"workflowId":"p4sRSlnbCRxmGZc2","workflowName":"My workflow","executionId":"18","nodeType":"n8n-nodes-base.mySql","nodeName":"Insert rows in a table","nodeId":"e7f56cff-2641-4359-b134-883d52f7b34e"}}
{"__type":"$$EventMessageConfirm","confirm":"2c8f5740-1d9d-4d60-8ff7-1a29e0d25343","ts":"2025-10-18T21:21:53.849-04:00","source":{"id":"0","name":"eventBus"}}
{"__type":"$$EventMessageWorkflow","id":"c075a104-8d48-4cb0-8328-232571c97183","ts":"2025-10-18T21:21:53.853-04:00","eventName":"n8n.workflow.success","message":"n8n.workflow.success","payload":{"userId":"39064bdd-73ac-4d3e-9c42-3f973a056be9","executionId":"18","success":true,"isManual":true,"workflowId":"p4sRSlnbCRxmGZc2","workflowName":"My workflow"}}
{"__type":"$$EventMessageConfirm","confirm":"c075a104-8d48-4cb0-8328-232571c97183","ts":"2025-10-18T21:21:53.853-04:00","source":{"id":"0","name":"eventBus"}}
{"__type":"$$EventMessageWorkflow","id":"d1f1d70c-a049-4a49-8d08-848f793ea6b9","ts":"2025-10-18T21:29:45.354-04:00","eventName":"n8n.workflow.started","message":"n8n.workflow.started","payload":{"executionId":"19","workflowId":"p4sRSlnbCRxmGZc2","isManual":false,"workflowName":"My workflow"}}
{"__type":"$$EventMessageConfirm","confirm":"d1f1d70c-a049-4a49-8d08-848f793ea6b9","ts":"2025-10-18T21:29:45.355-04:00","source":{"id":"0","name":"eventBus"}}
{"__type":"$$EventMessageNode","id":"828e0c21-fdc5-497a-b0c0-7787c26a952e","ts":"2025-10-18T21:29:45.355-04:00","eventName":"n8n.node.started","message":"n8n.node.started","payload":{"workflowId":"p4sRSlnbCRxmGZc2","workflowName":"My workflow","executionId":"19","nodeType":"n8n-nodes-base.manualTrigger","nodeName":"When clicking ‘Execute workflow’","nodeId":"e1707955-41b6-4ba7-a178-5656e361ee98"}}
{"__type":"$$EventMessageConfirm","confirm":"828e0c21-fdc5-497a-b0c0-7787c26a952e","ts":"2025-10-18T21:29:45.356-04:00","source":{"id":"0","name":"eventBus"}}
{"__type":"$$EventMessageNode","id":"7a559f12-8662-4ece-beca-5f954a65a34f","ts":"2025-10-18T21:29:45.357-04:00","eventName":"n8n.node.finished","message":"n8n.node.finished","payload":{"workflowId":"p4sRSlnbCRxmGZc2","workflowName":"My workflow","executionId":"19","nodeType":"n8n-nodes-base.manualTrigger","nodeName":"When clicking ‘Execute workflow’","nodeId":"e1707955-41b6-4ba7-a178-5656e361ee98"}}
{"__type":"$$EventMessageConfirm","confirm":"7a559f12-8662-4ece-beca-5f954a65a34f","ts":"2025-10-18T21:29:45.357-04:00","source":{"id":"0","name":"eventBus"}}
{"__type":"$$EventMessageNode","id":"bcd0293e-cf50-47f6-8625-d84a4b22c9bb","ts":"2025-10-18T21:29:45.358-04:00","eventName":"n8n.node.started","message":"n8n.node.started","payload":{"workflowId":"p4sRSlnbCRxmGZc2","workflowName":"My workflow","executionId":"19","nodeType":"n8n-nodes-base.httpRequest","nodeName":"HTTP Request","nodeId":"1140eb38-1907-4311-8b4e-68dbef5af40e"}}
{"__type":"$$EventMessageConfirm","confirm":"bcd0293e-cf50-47f6-8625-d84a4b22c9bb","ts":"2025-10-18T21:29:45.358-04:00","source":{"id":"0","name":"eventBus"}}
{"__type":"$$EventMessageNode","id":"8a7e12a8-c51c-4b6d-aede-3795ac55a0cf","ts":"2025-10-18T21:29:45.822-04:00","eventName":"n8n.node.finished","message":"n8n.node.finished","payload":{"workflowId":"p4sRSlnbCRxmGZc2","workflowName":"My workflow","executionId":"19","nodeType":"n8n-nodes-base.httpRequest","nodeName":"HTTP Request","nodeId":"1140eb38-1907-4311-8b4e-68dbef5af40e"}}
{"__type":"$$EventMessageConfirm","confirm":"8a7e12a8-c51c-4b6d-aede-3795ac55a0cf","ts":"2025-10-18T21:29:45.822-04:00","source":{"id":"0","name":"eventBus"}}
{"__type":"$$EventMessageNode","id":"9cf77a56-66cb-4f24-a26a-7640d858281c","ts":"2025-10-18T21:29:45.825-04:00","eventName":"n8n.node.started","message":"n8n.node.started","payload":{"workflowId":"p4sRSlnbCRxmGZc2","workflowName":"My workflow","executionId":"19","nodeType":"n8n-nodes-base.code","nodeName":"Code in JavaScript","nodeId":"18e2a021-707b-4047-8b48-afb879eddb96"}}
{"__type":"$$EventMessageConfirm","confirm":"9cf77a56-66cb-4f24-a26a-7640d858281c","ts":"2025-10-18T21:29:45.825-04:00","source":{"id":"0","name":"eventBus"}}
{"__type":"$$EventMessageNode","id":"5ecc0829-da2e-4e39-ba78-9f68c9730590","ts":"2025-10-18T21:29:45.838-04:00","eventName":"n8n.node.finished","message":"n8n.node.finished","payload":{"workflowId":"p4sRSlnbCRxmGZc2","workflowName":"My workflow","executionId":"19","nodeType":"n8n-nodes-base.code","nodeName":"Code in JavaScript","nodeId":"18e2a021-707b-4047-8b48-afb879eddb96"}}
{"__type":"$$EventMessageConfirm","confirm":"5ecc0829-da2e-4e39-ba78-9f68c9730590","ts":"2025-10-18T21:29:45.838-04:00","source":{"id":"0","name":"eventBus"}}
{"__type":"$$EventMessageNode","id":"000d3281-f8d7-41e0-b630-f43ac78c04a4","ts":"2025-10-18T21:29:45.840-04:00","eventName":"n8n.node.started","message":"n8n.node.started","payload":{"workflowId":"p4sRSlnbCRxmGZc2","workflowName":"My workflow","executionId":"19","nodeType":"n8n-nodes-base.set","nodeName":"Edit Fields","nodeId":"41062e14-9b9d-42aa-941b-3a3a0807e203"}}
{"__type":"$$EventMessageConfirm","confirm":"000d3281-f8d7-41e0-b630-f43ac78c04a4","ts":"2025-10-18T21:29:45.840-04:00","source":{"id":"0","name":"eventBus"}}
{"__type":"$$EventMessageNode","id":"b0eac45c-c0db-4a3e-997d-6027b6a9d12b","ts":"2025-10-18T21:29:45.852-04:00","eventName":"n8n.node.finished","message":"n8n.node.finished","payload":{"workflowId":"p4sRSlnbCRxmGZc2","workflowName":"My workflow","executionId":"19","nodeType":"n8n-nodes-base.set","nodeName":"Edit Fields","nodeId":"41062e14-9b9d-42aa-941b-3a3a0807e203"}}
{"__type":"$$EventMessageConfirm","confirm":"b0eac45c-c0db-4a3e-997d-6027b6a9d12b","ts":"2025-10-18T21:29:45.852-04:00","source":{"id":"0","name":"eventBus"}}
{"__type":"$$EventMessageNode","id":"1cc645c0-5469-459c-a91b-64398cf8edad","ts":"2025-10-18T21:29:45.852-04:00","eventName":"n8n.node.started","message":"n8n.node.started","payload":{"workflowId":"p4sRSlnbCRxmGZc2","workflowName":"My workflow","executionId":"19","nodeType":"n8n-nodes-base.mySql","nodeName":"Insert rows in a table","nodeId":"e7f56cff-2641-4359-b134-883d52f7b34e"}}
{"__type":"$$EventMessageConfirm","confirm":"1cc645c0-5469-459c-a91b-64398cf8edad","ts":"2025-10-18T21:29:45.852-04:00","source":{"id":"0","name":"eventBus"}}
{"__type":"$$EventMessageNode","id":"c41586e7-cd33-42f4-ba94-cfdd41030130","ts":"2025-10-18T21:29:45.885-04:00","eventName":"n8n.node.finished","message":"n8n.node.finished","payload":{"workflowId":"p4sRSlnbCRxmGZc2","workflowName":"My workflow","executionId":"19","nodeType":"n8n-nodes-base.mySql","nodeName":"Insert rows in a table","nodeId":"e7f56cff-2641-4359-b134-883d52f7b34e"}}
{"__type":"$$EventMessageConfirm","confirm":"c41586e7-cd33-42f4-ba94-cfdd41030130","ts":"2025-10-18T21:29:45.885-04:00","source":{"id":"0","name":"eventBus"}}
{"__type":"$$EventMessageWorkflow","id":"a6fe6515-4fa0-4a1a-b830-dc6717a6531a","ts":"2025-10-18T21:29:45.888-04:00","eventName":"n8n.workflow.success","message":"n8n.workflow.success","payload":{"userId":"39064bdd-73ac-4d3e-9c42-3f973a056be9","executionId":"19","success":true,"isManual":true,"workflowId":"p4sRSlnbCRxmGZc2","workflowName":"My workflow"}}
{"__type":"$$EventMessageConfirm","confirm":"a6fe6515-4fa0-4a1a-b830-dc6717a6531a","ts":"2025-10-18T21:29:45.889-04:00","source":{"id":"0","name":"eventBus"}}
{"__type":"$$EventMessageWorkflow","id":"8a30b923-8d87-44a1-b9ee-9a0200b35d3e","ts":"2025-10-18T21:40:15.789-04:00","eventName":"n8n.workflow.started","message":"n8n.workflow.started","payload":{"executionId":"20","workflowId":"p4sRSlnbCRxmGZc2","isManual":false,"workflowName":"My workflow"}}
{"__type":"$$EventMessageConfirm","confirm":"8a30b923-8d87-44a1-b9ee-9a0200b35d3e","ts":"2025-10-18T21:40:15.789-04:00","source":{"id":"0","name":"eventBus"}}
{"__type":"$$EventMessageNode","id":"770256b8-5073-4005-a72c-7f8503f37f71","ts":"2025-10-18T21:40:15.789-04:00","eventName":"n8n.node.started","message":"n8n.node.started","payload":{"workflowId":"p4sRSlnbCRxmGZc2","workflowName":"My workflow","executionId":"20","nodeType":"n8n-nodes-base.manualTrigger","nodeName":"When clicking ‘Execute workflow’","nodeId":"e1707955-41b6-4ba7-a178-5656e361ee98"}}
{"__type":"$$EventMessageConfirm","confirm":"770256b8-5073-4005-a72c-7f8503f37f71","ts":"2025-10-18T21:40:15.789-04:00","source":{"id":"0","name":"eventBus"}}
{"__type":"$$EventMessageNode","id":"35350bc8-953d-4fa0-9047-318dc76773d2","ts":"2025-10-18T21:40:15.791-04:00","eventName":"n8n.node.finished","message":"n8n.node.finished","payload":{"workflowId":"p4sRSlnbCRxmGZc2","workflowName":"My workflow","executionId":"20","nodeType":"n8n-nodes-base.manualTrigger","nodeName":"When clicking ‘Execute workflow’","nodeId":"e1707955-41b6-4ba7-a178-5656e361ee98"}}
{"__type":"$$EventMessageConfirm","confirm":"35350bc8-953d-4fa0-9047-318dc76773d2","ts":"2025-10-18T21:40:15.791-04:00","source":{"id":"0","name":"eventBus"}}
{"__type":"$$EventMessageNode","id":"2da42bca-7e55-4b79-9324-b1f5539de772","ts":"2025-10-18T21:40:15.791-04:00","eventName":"n8n.node.started","message":"n8n.node.started","payload":{"workflowId":"p4sRSlnbCRxmGZc2","workflowName":"My workflow","executionId":"20","nodeType":"n8n-nodes-base.httpRequest","nodeName":"HTTP Request","nodeId":"1140eb38-1907-4311-8b4e-68dbef5af40e"}}
{"__type":"$$EventMessageConfirm","confirm":"2da42bca-7e55-4b79-9324-b1f5539de772","ts":"2025-10-18T21:40:15.791-04:00","source":{"id":"0","name":"eventBus"}}
{"__type":"$$EventMessageNode","id":"ca83c9be-3165-4af9-b523-b805dbad3945","ts":"2025-10-18T21:40:16.512-04:00","eventName":"n8n.node.finished","message":"n8n.node.finished","payload":{"workflowId":"p4sRSlnbCRxmGZc2","workflowName":"My workflow","executionId":"20","nodeType":"n8n-nodes-base.httpRequest","nodeName":"HTTP Request","nodeId":"1140eb38-1907-4311-8b4e-68dbef5af40e"}}
{"__type":"$$EventMessageConfirm","confirm":"ca83c9be-3165-4af9-b523-b805dbad3945","ts":"2025-10-18T21:40:16.512-04:00","source":{"id":"0","name":"eventBus"}}
{"__type":"$$EventMessageNode","id":"1624961b-ede8-46e4-a68e-0284ab8cb09e","ts":"2025-10-18T21:40:16.515-04:00","eventName":"n8n.node.started","message":"n8n.node.started","payload":{"workflowId":"p4sRSlnbCRxmGZc2","workflowName":"My workflow","executionId":"20","nodeType":"n8n-nodes-base.code","nodeName":"Code in JavaScript","nodeId":"18e2a021-707b-4047-8b48-afb879eddb96"}}
{"__type":"$$EventMessageConfirm","confirm":"1624961b-ede8-46e4-a68e-0284ab8cb09e","ts":"2025-10-18T21:40:16.515-04:00","source":{"id":"0","name":"eventBus"}}
{"__type":"$$EventMessageNode","id":"e9157ef6-93e8-48d0-bf73-4559488f62a8","ts":"2025-10-18T21:40:16.528-04:00","eventName":"n8n.node.finished","message":"n8n.node.finished","payload":{"workflowId":"p4sRSlnbCRxmGZc2","workflowName":"My workflow","executionId":"20","nodeType":"n8n-nodes-base.code","nodeName":"Code in JavaScript","nodeId":"18e2a021-707b-4047-8b48-afb879eddb96"}}
{"__type":"$$EventMessageConfirm","confirm":"e9157ef6-93e8-48d0-bf73-4559488f62a8","ts":"2025-10-18T21:40:16.528-04:00","source":{"id":"0","name":"eventBus"}}
{"__type":"$$EventMessageNode","id":"ad2524b6-b6c2-4315-9a40-f818b135a37f","ts":"2025-10-18T21:40:16.530-04:00","eventName":"n8n.node.started","message":"n8n.node.started","payload":{"workflowId":"p4sRSlnbCRxmGZc2","workflowName":"My workflow","executionId":"20","nodeType":"n8n-nodes-base.set","nodeName":"Edit Fields","nodeId":"41062e14-9b9d-42aa-941b-3a3a0807e203"}}
{"__type":"$$EventMessageConfirm","confirm":"ad2524b6-b6c2-4315-9a40-f818b135a37f","ts":"2025-10-18T21:40:16.531-04:00","source":{"id":"0","name":"eventBus"}}
{"__type":"$$EventMessageNode","id":"ce51df23-d58c-4cee-8e77-7bcdd921af61","ts":"2025-10-18T21:40:16.536-04:00","eventName":"n8n.node.finished","message":"n8n.node.finished","payload":{"workflowId":"p4sRSlnbCRxmGZc2","workflowName":"My workflow","executionId":"20","nodeType":"n8n-nodes-base.set","nodeName":"Edit Fields","nodeId":"41062e14-9b9d-42aa-941b-3a3a0807e203"}}
{"__type":"$$EventMessageConfirm","confirm":"ce51df23-d58c-4cee-8e77-7bcdd921af61","ts":"2025-10-18T21:40:16.536-04:00","source":{"id":"0","name":"eventBus"}}
{"__type":"$$EventMessageNode","id":"33197e97-6cb5-4ce0-88c2-101115176b00","ts":"2025-10-18T21:40:16.537-04:00","eventName":"n8n.node.started","message":"n8n.node.started","payload":{"workflowId":"p4sRSlnbCRxmGZc2","workflowName":"My workflow","executionId":"20","nodeType":"n8n-nodes-base.mySql","nodeName":"Insert rows in a table","nodeId":"e7f56cff-2641-4359-b134-883d52f7b34e"}}
{"__type":"$$EventMessageConfirm","confirm":"33197e97-6cb5-4ce0-88c2-101115176b00","ts":"2025-10-18T21:40:16.537-04:00","source":{"id":"0","name":"eventBus"}}
{"__type":"$$EventMessageNode","id":"bd9733cf-937e-47ac-9c01-fbe2550807df","ts":"2025-10-18T21:40:16.593-04:00","eventName":"n8n.node.finished","message":"n8n.node.finished","payload":{"workflowId":"p4sRSlnbCRxmGZc2","workflowName":"My workflow","executionId":"20","nodeType":"n8n-nodes-base.mySql","nodeName":"Insert rows in a table","nodeId":"e7f56cff-2641-4359-b134-883d52f7b34e"}}
{"__type":"$$EventMessageConfirm","confirm":"bd9733cf-937e-47ac-9c01-fbe2550807df","ts":"2025-10-18T21:40:16.593-04:00","source":{"id":"0","name":"eventBus"}}
{"__type":"$$EventMessageWorkflow","id":"c67c1f6a-ce04-4d4f-966f-b6f6e026e6f2","ts":"2025-10-18T21:40:16.596-04:00","eventName":"n8n.workflow.success","message":"n8n.workflow.success","payload":{"userId":"39064bdd-73ac-4d3e-9c42-3f973a056be9","executionId":"20","success":true,"isManual":true,"workflowId":"p4sRSlnbCRxmGZc2","workflowName":"My workflow"}}
{"__type":"$$EventMessageConfirm","confirm":"c67c1f6a-ce04-4d4f-966f-b6f6e026e6f2","ts":"2025-10-18T21:40:16.596-04:00","source":{"id":"0","name":"eventBus"}}
{"__type":"$$EventMessageWorkflow","id":"d2d51b92-4cae-4f33-b5df-eab50bd3a794","ts":"2025-10-18T21:40:49.767-04:00","eventName":"n8n.workflow.started","message":"n8n.workflow.started","payload":{"executionId":"21","workflowId":"p4sRSlnbCRxmGZc2","isManual":false,"workflowName":"My workflow"}}
{"__type":"$$EventMessageConfirm","confirm":"d2d51b92-4cae-4f33-b5df-eab50bd3a794","ts":"2025-10-18T21:40:49.767-04:00","source":{"id":"0","name":"eventBus"}}
{"__type":"$$EventMessageNode","id":"fbe2910c-fd2e-442d-8af7-320f4904f1bc","ts":"2025-10-18T21:40:49.768-04:00","eventName":"n8n.node.started","message":"n8n.node.started","payload":{"workflowId":"p4sRSlnbCRxmGZc2","workflowName":"My workflow","executionId":"21","nodeType":"n8n-nodes-base.manualTrigger","nodeName":"When clicking ‘Execute workflow’","nodeId":"e1707955-41b6-4ba7-a178-5656e361ee98"}}
{"__type":"$$EventMessageConfirm","confirm":"fbe2910c-fd2e-442d-8af7-320f4904f1bc","ts":"2025-10-18T21:40:49.768-04:00","source":{"id":"0","name":"eventBus"}}
{"__type":"$$EventMessageNode","id":"b3e47da4-25d6-4ed3-bfbe-bd34333d8e8d","ts":"2025-10-18T21:40:49.769-04:00","eventName":"n8n.node.finished","message":"n8n.node.finished","payload":{"workflowId":"p4sRSlnbCRxmGZc2","workflowName":"My workflow","executionId":"21","nodeType":"n8n-nodes-base.manualTrigger","nodeName":"When clicking ‘Execute workflow’","nodeId":"e1707955-41b6-4ba7-a178-5656e361ee98"}}
{"__type":"$$EventMessageConfirm","confirm":"b3e47da4-25d6-4ed3-bfbe-bd34333d8e8d","ts":"2025-10-18T21:40:49.769-04:00","source":{"id":"0","name":"eventBus"}}
{"__type":"$$EventMessageNode","id":"140e2da3-a54c-41c2-ae17-b4efabb16d11","ts":"2025-10-18T21:40:49.770-04:00","eventName":"n8n.node.started","message":"n8n.node.started","payload":{"workflowId":"p4sRSlnbCRxmGZc2","workflowName":"My workflow","executionId":"21","nodeType":"n8n-nodes-base.httpRequest","nodeName":"HTTP Request","nodeId":"1140eb38-1907-4311-8b4e-68dbef5af40e"}}
{"__type":"$$EventMessageConfirm","confirm":"140e2da3-a54c-41c2-ae17-b4efabb16d11","ts":"2025-10-18T21:40:49.770-04:00","source":{"id":"0","name":"eventBus"}}
{"__type":"$$EventMessageNode","id":"31de7190-e12a-40ad-a0fa-28442d9b5d97","ts":"2025-10-18T21:40:50.385-04:00","eventName":"n8n.node.finished","message":"n8n.node.finished","payload":{"workflowId":"p4sRSlnbCRxmGZc2","workflowName":"My workflow","executionId":"21","nodeType":"n8n-nodes-base.httpRequest","nodeName":"HTTP Request","nodeId":"1140eb38-1907-4311-8b4e-68dbef5af40e"}}
{"__type":"$$EventMessageConfirm","confirm":"31de7190-e12a-40ad-a0fa-28442d9b5d97","ts":"2025-10-18T21:40:50.386-04:00","source":{"id":"0","name":"eventBus"}}
{"__type":"$$EventMessageNode","id":"c7e46c9d-0bd9-47e3-88e8-34147941d48b","ts":"2025-10-18T21:40:50.392-04:00","eventName":"n8n.node.started","message":"n8n.node.started","payload":{"workflowId":"p4sRSlnbCRxmGZc2","workflowName":"My workflow","executionId":"21","nodeType":"n8n-nodes-base.code","nodeName":"Code in JavaScript","nodeId":"18e2a021-707b-4047-8b48-afb879eddb96"}}
{"__type":"$$EventMessageConfirm","confirm":"c7e46c9d-0bd9-47e3-88e8-34147941d48b","ts":"2025-10-18T21:40:50.392-04:00","source":{"id":"0","name":"eventBus"}}
{"__type":"$$EventMessageNode","id":"95a2bf18-6805-43bf-ac89-d6e7ea90a5e3","ts":"2025-10-18T21:40:50.411-04:00","eventName":"n8n.node.finished","message":"n8n.node.finished","payload":{"workflowId":"p4sRSlnbCRxmGZc2","workflowName":"My workflow","executionId":"21","nodeType":"n8n-nodes-base.code","nodeName":"Code in JavaScript","nodeId":"18e2a021-707b-4047-8b48-afb879eddb96"}}
{"__type":"$$EventMessageConfirm","confirm":"95a2bf18-6805-43bf-ac89-d6e7ea90a5e3","ts":"2025-10-18T21:40:50.411-04:00","source":{"id":"0","name":"eventBus"}}
{"__type":"$$EventMessageNode","id":"48acca9e-cd1c-4271-a8b4-a3a145956aee","ts":"2025-10-18T21:40:50.415-04:00","eventName":"n8n.node.started","message":"n8n.node.started","payload":{"workflowId":"p4sRSlnbCRxmGZc2","workflowName":"My workflow","executionId":"21","nodeType":"n8n-nodes-base.set","nodeName":"Edit Fields","nodeId":"41062e14-9b9d-42aa-941b-3a3a0807e203"}}
{"__type":"$$EventMessageConfirm","confirm":"48acca9e-cd1c-4271-a8b4-a3a145956aee","ts":"2025-10-18T21:40:50.415-04:00","source":{"id":"0","name":"eventBus"}}
{"__type":"$$EventMessageNode","id":"171dcb09-9d7c-40fb-8c7f-61e59c67221d","ts":"2025-10-18T21:40:50.422-04:00","eventName":"n8n.node.finished","message":"n8n.node.finished","payload":{"workflowId":"p4sRSlnbCRxmGZc2","workflowName":"My workflow","executionId":"21","nodeType":"n8n-nodes-base.set","nodeName":"Edit Fields","nodeId":"41062e14-9b9d-42aa-941b-3a3a0807e203"}}
{"__type":"$$EventMessageConfirm","confirm":"171dcb09-9d7c-40fb-8c7f-61e59c67221d","ts":"2025-10-18T21:40:50.422-04:00","source":{"id":"0","name":"eventBus"}}
{"__type":"$$EventMessageNode","id":"6e6bcfda-b88a-4a8d-b495-91d5821a55fa","ts":"2025-10-18T21:40:50.423-04:00","eventName":"n8n.node.started","message":"n8n.node.started","payload":{"workflowId":"p4sRSlnbCRxmGZc2","workflowName":"My workflow","executionId":"21","nodeType":"n8n-nodes-base.mySql","nodeName":"Insert rows in a table","nodeId":"e7f56cff-2641-4359-b134-883d52f7b34e"}}
{"__type":"$$EventMessageConfirm","confirm":"6e6bcfda-b88a-4a8d-b495-91d5821a55fa","ts":"2025-10-18T21:40:50.423-04:00","source":{"id":"0","name":"eventBus"}}
{"__type":"$$EventMessageNode","id":"2da9a6d3-0506-4de6-97a5-22ce98e60821","ts":"2025-10-18T21:40:50.456-04:00","eventName":"n8n.node.finished","message":"n8n.node.finished","payload":{"workflowId":"p4sRSlnbCRxmGZc2","workflowName":"My workflow","executionId":"21","nodeType":"n8n-nodes-base.mySql","nodeName":"Insert rows in a table","nodeId":"e7f56cff-2641-4359-b134-883d52f7b34e"}}
{"__type":"$$EventMessageConfirm","confirm":"2da9a6d3-0506-4de6-97a5-22ce98e60821","ts":"2025-10-18T21:40:50.456-04:00","source":{"id":"0","name":"eventBus"}}
{"__type":"$$EventMessageWorkflow","id":"3d51f74c-926f-42a0-9df8-373d17b89e77","ts":"2025-10-18T21:40:50.459-04:00","eventName":"n8n.workflow.success","message":"n8n.workflow.success","payload":{"userId":"39064bdd-73ac-4d3e-9c42-3f973a056be9","executionId":"21","success":true,"isManual":true,"workflowId":"p4sRSlnbCRxmGZc2","workflowName":"My workflow"}}
{"__type":"$$EventMessageConfirm","confirm":"3d51f74c-926f-42a0-9df8-373d17b89e77","ts":"2025-10-18T21:40:50.459-04:00","source":{"id":"0","name":"eventBus"}}
{"__type":"$$EventMessageWorkflow","id":"c5201fe2-80d6-45af-9be3-87e5be47e154","ts":"2025-10-18T21:56:05.892-04:00","eventName":"n8n.workflow.started","message":"n8n.workflow.started","payload":{"executionId":"22","workflowId":"p4sRSlnbCRxmGZc2","isManual":false,"workflowName":"My workflow"}}
{"__type":"$$EventMessageConfirm","confirm":"c5201fe2-80d6-45af-9be3-87e5be47e154","ts":"2025-10-18T21:56:05.893-04:00","source":{"id":"0","name":"eventBus"}}
{"__type":"$$EventMessageNode","id":"09b6c94f-e63c-45bc-b27a-d5a0c6a8859c","ts":"2025-10-18T21:56:05.894-04:00","eventName":"n8n.node.started","message":"n8n.node.started","payload":{"workflowId":"p4sRSlnbCRxmGZc2","workflowName":"My workflow","executionId":"22","nodeType":"n8n-nodes-base.manualTrigger","nodeName":"When clicking ‘Execute workflow’","nodeId":"e1707955-41b6-4ba7-a178-5656e361ee98"}}
{"__type":"$$EventMessageConfirm","confirm":"09b6c94f-e63c-45bc-b27a-d5a0c6a8859c","ts":"2025-10-18T21:56:05.894-04:00","source":{"id":"0","name":"eventBus"}}
{"__type":"$$EventMessageNode","id":"3626e0b8-799c-4f5e-a755-8bccfe21117c","ts":"2025-10-18T21:56:05.896-04:00","eventName":"n8n.node.finished","message":"n8n.node.finished","payload":{"workflowId":"p4sRSlnbCRxmGZc2","workflowName":"My workflow","executionId":"22","nodeType":"n8n-nodes-base.manualTrigger","nodeName":"When clicking ‘Execute workflow’","nodeId":"e1707955-41b6-4ba7-a178-5656e361ee98"}}
{"__type":"$$EventMessageConfirm","confirm":"3626e0b8-799c-4f5e-a755-8bccfe21117c","ts":"2025-10-18T21:56:05.896-04:00","source":{"id":"0","name":"eventBus"}}
{"__type":"$$EventMessageNode","id":"461f0ed2-68fb-4723-bdd5-fcca02870307","ts":"2025-10-18T21:56:05.897-04:00","eventName":"n8n.node.started","message":"n8n.node.started","payload":{"workflowId":"p4sRSlnbCRxmGZc2","workflowName":"My workflow","executionId":"22","nodeType":"n8n-nodes-base.httpRequest","nodeName":"HTTP Request","nodeId":"1140eb38-1907-4311-8b4e-68dbef5af40e"}}
{"__type":"$$EventMessageConfirm","confirm":"461f0ed2-68fb-4723-bdd5-fcca02870307","ts":"2025-10-18T21:56:05.897-04:00","source":{"id":"0","name":"eventBus"}}
{"__type":"$$EventMessageNode","id":"78b32646-1733-472c-ac52-bcfcaeca3ee8","ts":"2025-10-18T21:56:06.302-04:00","eventName":"n8n.node.finished","message":"n8n.node.finished","payload":{"workflowId":"p4sRSlnbCRxmGZc2","workflowName":"My workflow","executionId":"22","nodeType":"n8n-nodes-base.httpRequest","nodeName":"HTTP Request","nodeId":"1140eb38-1907-4311-8b4e-68dbef5af40e"}}
{"__type":"$$EventMessageConfirm","confirm":"78b32646-1733-472c-ac52-bcfcaeca3ee8","ts":"2025-10-18T21:56:06.303-04:00","source":{"id":"0","name":"eventBus"}}
{"__type":"$$EventMessageNode","id":"4e14f939-4be6-497b-acb7-c17e4ddeb4b0","ts":"2025-10-18T21:56:06.306-04:00","eventName":"n8n.node.started","message":"n8n.node.started","payload":{"workflowId":"p4sRSlnbCRxmGZc2","workflowName":"My workflow","executionId":"22","nodeType":"n8n-nodes-base.code","nodeName":"Code in JavaScript","nodeId":"18e2a021-707b-4047-8b48-afb879eddb96"}}
{"__type":"$$EventMessageConfirm","confirm":"4e14f939-4be6-497b-acb7-c17e4ddeb4b0","ts":"2025-10-18T21:56:06.306-04:00","source":{"id":"0","name":"eventBus"}}
{"__type":"$$EventMessageNode","id":"4ef1790f-0b78-4eb7-b09a-6890ec19d40e","ts":"2025-10-18T21:56:06.325-04:00","eventName":"n8n.node.finished","message":"n8n.node.finished","payload":{"workflowId":"p4sRSlnbCRxmGZc2","workflowName":"My workflow","executionId":"22","nodeType":"n8n-nodes-base.code","nodeName":"Code in JavaScript","nodeId":"18e2a021-707b-4047-8b48-afb879eddb96"}}
{"__type":"$$EventMessageConfirm","confirm":"4ef1790f-0b78-4eb7-b09a-6890ec19d40e","ts":"2025-10-18T21:56:06.325-04:00","source":{"id":"0","name":"eventBus"}}
{"__type":"$$EventMessageNode","id":"bd43970b-ee3f-4b71-a8e1-bad04ad926ff","ts":"2025-10-18T21:56:06.326-04:00","eventName":"n8n.node.started","message":"n8n.node.started","payload":{"workflowId":"p4sRSlnbCRxmGZc2","workflowName":"My workflow","executionId":"22","nodeType":"n8n-nodes-base.set","nodeName":"Edit Fields","nodeId":"41062e14-9b9d-42aa-941b-3a3a0807e203"}}
{"__type":"$$EventMessageConfirm","confirm":"bd43970b-ee3f-4b71-a8e1-bad04ad926ff","ts":"2025-10-18T21:56:06.326-04:00","source":{"id":"0","name":"eventBus"}}
{"__type":"$$EventMessageNode","id":"ce0a11bb-f275-4317-ad72-ec7a6bfd7bc7","ts":"2025-10-18T21:56:06.332-04:00","eventName":"n8n.node.finished","message":"n8n.node.finished","payload":{"workflowId":"p4sRSlnbCRxmGZc2","workflowName":"My workflow","executionId":"22","nodeType":"n8n-nodes-base.set","nodeName":"Edit Fields","nodeId":"41062e14-9b9d-42aa-941b-3a3a0807e203"}}
{"__type":"$$EventMessageConfirm","confirm":"ce0a11bb-f275-4317-ad72-ec7a6bfd7bc7","ts":"2025-10-18T21:56:06.332-04:00","source":{"id":"0","name":"eventBus"}}
{"__type":"$$EventMessageNode","id":"b08be35f-bad9-41b6-a1fd-69539f08581c","ts":"2025-10-18T21:56:06.334-04:00","eventName":"n8n.node.started","message":"n8n.node.started","payload":{"workflowId":"p4sRSlnbCRxmGZc2","workflowName":"My workflow","executionId":"22","nodeType":"n8n-nodes-base.mySql","nodeName":"Insert rows in a table","nodeId":"e7f56cff-2641-4359-b134-883d52f7b34e"}}
{"__type":"$$EventMessageConfirm","confirm":"b08be35f-bad9-41b6-a1fd-69539f08581c","ts":"2025-10-18T21:56:06.335-04:00","source":{"id":"0","name":"eventBus"}}
{"__type":"$$EventMessageNode","id":"e5238f9d-b1af-4d80-ab58-e5369e5e826c","ts":"2025-10-18T21:56:06.371-04:00","eventName":"n8n.node.finished","message":"n8n.node.finished","payload":{"workflowId":"p4sRSlnbCRxmGZc2","workflowName":"My workflow","executionId":"22","nodeType":"n8n-nodes-base.mySql","nodeName":"Insert rows in a table","nodeId":"e7f56cff-2641-4359-b134-883d52f7b34e"}}
{"__type":"$$EventMessageConfirm","confirm":"e5238f9d-b1af-4d80-ab58-e5369e5e826c","ts":"2025-10-18T21:56:06.371-04:00","source":{"id":"0","name":"eventBus"}}
{"__type":"$$EventMessageWorkflow","id":"5e005dd5-e08c-4745-a6ec-85a2aba0ad41","ts":"2025-10-18T21:56:06.374-04:00","eventName":"n8n.workflow.success","message":"n8n.workflow.success","payload":{"userId":"39064bdd-73ac-4d3e-9c42-3f973a056be9","executionId":"22","success":true,"isManual":true,"workflowId":"p4sRSlnbCRxmGZc2","workflowName":"My workflow"}}
{"__type":"$$EventMessageConfirm","confirm":"5e005dd5-e08c-4745-a6ec-85a2aba0ad41","ts":"2025-10-18T21:56:06.374-04:00","source":{"id":"0","name":"eventBus"}}
{"__type":"$$EventMessageWorkflow","id":"77c1a6a8-0b04-4978-831e-d039c2924aa5","ts":"2025-10-18T22:01:40.448-04:00","eventName":"n8n.workflow.started","message":"n8n.workflow.started","payload":{"executionId":"23","workflowId":"p4sRSlnbCRxmGZc2","isManual":false,"workflowName":"My workflow"}}
{"__type":"$$EventMessageConfirm","confirm":"77c1a6a8-0b04-4978-831e-d039c2924aa5","ts":"2025-10-18T22:01:40.448-04:00","source":{"id":"0","name":"eventBus"}}
{"__type":"$$EventMessageNode","id":"4a9584ee-d8e0-40e3-9066-72aa94a6bdb4","ts":"2025-10-18T22:01:40.449-04:00","eventName":"n8n.node.started","message":"n8n.node.started","payload":{"workflowId":"p4sRSlnbCRxmGZc2","workflowName":"My workflow","executionId":"23","nodeType":"n8n-nodes-base.manualTrigger","nodeName":"When clicking ‘Execute workflow’","nodeId":"e1707955-41b6-4ba7-a178-5656e361ee98"}}
{"__type":"$$EventMessageConfirm","confirm":"4a9584ee-d8e0-40e3-9066-72aa94a6bdb4","ts":"2025-10-18T22:01:40.449-04:00","source":{"id":"0","name":"eventBus"}}
{"__type":"$$EventMessageNode","id":"1e62e5e3-b200-419d-be30-ff105b836d4b","ts":"2025-10-18T22:01:40.452-04:00","eventName":"n8n.node.finished","message":"n8n.node.finished","payload":{"workflowId":"p4sRSlnbCRxmGZc2","workflowName":"My workflow","executionId":"23","nodeType":"n8n-nodes-base.manualTrigger","nodeName":"When clicking ‘Execute workflow’","nodeId":"e1707955-41b6-4ba7-a178-5656e361ee98"}}
{"__type":"$$EventMessageConfirm","confirm":"1e62e5e3-b200-419d-be30-ff105b836d4b","ts":"2025-10-18T22:01:40.452-04:00","source":{"id":"0","name":"eventBus"}}
{"__type":"$$EventMessageNode","id":"430fde6f-034c-4ab6-841a-dec766b05b8b","ts":"2025-10-18T22:01:40.459-04:00","eventName":"n8n.node.started","message":"n8n.node.started","payload":{"workflowId":"p4sRSlnbCRxmGZc2","workflowName":"My workflow","executionId":"23","nodeType":"n8n-nodes-base.httpRequest","nodeName":"HTTP Request","nodeId":"1140eb38-1907-4311-8b4e-68dbef5af40e"}}
{"__type":"$$EventMessageConfirm","confirm":"430fde6f-034c-4ab6-841a-dec766b05b8b","ts":"2025-10-18T22:01:40.459-04:00","source":{"id":"0","name":"eventBus"}}
{"__type":"$$EventMessageNode","id":"192e589b-d56c-4696-a019-9d56a8b11d76","ts":"2025-10-18T22:01:40.836-04:00","eventName":"n8n.node.finished","message":"n8n.node.finished","payload":{"workflowId":"p4sRSlnbCRxmGZc2","workflowName":"My workflow","executionId":"23","nodeType":"n8n-nodes-base.httpRequest","nodeName":"HTTP Request","nodeId":"1140eb38-1907-4311-8b4e-68dbef5af40e"}}
{"__type":"$$EventMessageConfirm","confirm":"192e589b-d56c-4696-a019-9d56a8b11d76","ts":"2025-10-18T22:01:40.837-04:00","source":{"id":"0","name":"eventBus"}}
{"__type":"$$EventMessageNode","id":"fefe6e78-5b7b-4f6c-9e06-25c038293bbe","ts":"2025-10-18T22:01:40.840-04:00","eventName":"n8n.node.started","message":"n8n.node.started","payload":{"workflowId":"p4sRSlnbCRxmGZc2","workflowName":"My workflow","executionId":"23","nodeType":"n8n-nodes-base.code","nodeName":"Code in JavaScript","nodeId":"18e2a021-707b-4047-8b48-afb879eddb96"}}
{"__type":"$$EventMessageConfirm","confirm":"fefe6e78-5b7b-4f6c-9e06-25c038293bbe","ts":"2025-10-18T22:01:40.841-04:00","source":{"id":"0","name":"eventBus"}}
{"__type":"$$EventMessageNode","id":"a33bc24a-e173-44e5-97ed-3e0ddacd41b9","ts":"2025-10-18T22:01:40.867-04:00","eventName":"n8n.node.finished","message":"n8n.node.finished","payload":{"workflowId":"p4sRSlnbCRxmGZc2","workflowName":"My workflow","executionId":"23","nodeType":"n8n-nodes-base.code","nodeName":"Code in JavaScript","nodeId":"18e2a021-707b-4047-8b48-afb879eddb96"}}
{"__type":"$$EventMessageConfirm","confirm":"a33bc24a-e173-44e5-97ed-3e0ddacd41b9","ts":"2025-10-18T22:01:40.867-04:00","source":{"id":"0","name":"eventBus"}}
{"__type":"$$EventMessageNode","id":"faf61886-59d6-4fd5-9f1f-6ca5836ad06b","ts":"2025-10-18T22:01:40.868-04:00","eventName":"n8n.node.started","message":"n8n.node.started","payload":{"workflowId":"p4sRSlnbCRxmGZc2","workflowName":"My workflow","executionId":"23","nodeType":"n8n-nodes-base.set","nodeName":"Edit Fields","nodeId":"41062e14-9b9d-42aa-941b-3a3a0807e203"}}
{"__type":"$$EventMessageConfirm","confirm":"faf61886-59d6-4fd5-9f1f-6ca5836ad06b","ts":"2025-10-18T22:01:40.869-04:00","source":{"id":"0","name":"eventBus"}}
{"__type":"$$EventMessageNode","id":"e3187bf8-2534-4632-a1bf-72aa3483392f","ts":"2025-10-18T22:01:40.875-04:00","eventName":"n8n.node.finished","message":"n8n.node.finished","payload":{"workflowId":"p4sRSlnbCRxmGZc2","workflowName":"My workflow","executionId":"23","nodeType":"n8n-nodes-base.set","nodeName":"Edit Fields","nodeId":"41062e14-9b9d-42aa-941b-3a3a0807e203"}}
{"__type":"$$EventMessageConfirm","confirm":"e3187bf8-2534-4632-a1bf-72aa3483392f","ts":"2025-10-18T22:01:40.875-04:00","source":{"id":"0","name":"eventBus"}}
{"__type":"$$EventMessageNode","id":"d221d2dc-d19b-458d-a4a9-fd85353d8b0a","ts":"2025-10-18T22:01:40.880-04:00","eventName":"n8n.node.started","message":"n8n.node.started","payload":{"workflowId":"p4sRSlnbCRxmGZc2","workflowName":"My workflow","executionId":"23","nodeType":"n8n-nodes-base.mySql","nodeName":"Insert rows in a table","nodeId":"e7f56cff-2641-4359-b134-883d52f7b34e"}}
{"__type":"$$EventMessageConfirm","confirm":"d221d2dc-d19b-458d-a4a9-fd85353d8b0a","ts":"2025-10-18T22:01:40.881-04:00","source":{"id":"0","name":"eventBus"}}
{"__type":"$$EventMessageNode","id":"99a0bff5-344e-44b5-8203-1d5aa64b1ea1","ts":"2025-10-18T22:01:40.941-04:00","eventName":"n8n.node.finished","message":"n8n.node.finished","payload":{"workflowId":"p4sRSlnbCRxmGZc2","workflowName":"My workflow","executionId":"23","nodeType":"n8n-nodes-base.mySql","nodeName":"Insert rows in a table","nodeId":"e7f56cff-2641-4359-b134-883d52f7b34e"}}
{"__type":"$$EventMessageConfirm","confirm":"99a0bff5-344e-44b5-8203-1d5aa64b1ea1","ts":"2025-10-18T22:01:40.941-04:00","source":{"id":"0","name":"eventBus"}}
{"__type":"$$EventMessageWorkflow","id":"d0f14266-7c3c-426c-8496-2377e79cd153","ts":"2025-10-18T22:01:40.945-04:00","eventName":"n8n.workflow.success","message":"n8n.workflow.success","payload":{"userId":"39064bdd-73ac-4d3e-9c42-3f973a056be9","executionId":"23","success":true,"isManual":true,"workflowId":"p4sRSlnbCRxmGZc2","workflowName":"My workflow"}}
{"__type":"$$EventMessageConfirm","confirm":"d0f14266-7c3c-426c-8496-2377e79cd153","ts":"2025-10-18T22:01:40.946-04:00","source":{"id":"0","name":"eventBus"}}
