{"__type":"$$EventMessageAudit","id":"bb5ec044-aa74-42b3-967c-d25bcdc9535f","ts":"2025-10-18T05:46:11.953+00:00","eventName":"n8n.audit.workflow.created","message":"n8n.audit.workflow.created","payload":{"userId":"39064bdd-73ac-4d3e-9c42-3f973a056be9","_email":"ddeboraf.mar@gmail.com","_firstName":"Debora","_lastName":"martins","globalRole":"global:owner","workflowId":"p4sRSlnbCRxmGZc2","workflowName":"My workflow"}}
{"__type":"$$EventMessageConfirm","confirm":"bb5ec044-aa74-42b3-967c-d25bcdc9535f","ts":"2025-10-18T05:46:11.954+00:00","source":{"id":"0","name":"eventBus"}}
{"__type":"$$EventMessageWorkflow","id":"2528446d-df40-4aaa-b978-b62be625d67a","ts":"2025-10-18T05:46:13.244+00:00","eventName":"n8n.workflow.started","message":"n8n.workflow.started","payload":{"executionId":"1","workflowId":"p4sRSlnbCRxmGZc2","isManual":false,"workflowName":"My workflow"}}
{"__type":"$$EventMessageConfirm","confirm":"2528446d-df40-4aaa-b978-b62be625d67a","ts":"2025-10-18T05:46:13.245+00:00","source":{"id":"0","name":"eventBus"}}
{"__type":"$$EventMessageNode","id":"ba9f295b-5a64-4eb9-bbc3-af07075ab54c","ts":"2025-10-18T05:46:13.248+00:00","eventName":"n8n.node.started","message":"n8n.node.started","payload":{"workflowId":"p4sRSlnbCRxmGZc2","workflowName":"My workflow","executionId":"1","nodeType":"n8n-nodes-base.manualTrigger","nodeName":"When clicking ‘Execute workflow’","nodeId":"e1707955-41b6-4ba7-a178-5656e361ee98"}}
{"__type":"$$EventMessageConfirm","confirm":"ba9f295b-5a64-4eb9-bbc3-af07075ab54c","ts":"2025-10-18T05:46:13.248+00:00","source":{"id":"0","name":"eventBus"}}
{"__type":"$$EventMessageNode","id":"f9ede126-d300-4958-afac-7e72caa1da35","ts":"2025-10-18T05:46:13.258+00:00","eventName":"n8n.node.finished","message":"n8n.node.finished","payload":{"workflowId":"p4sRSlnbCRxmGZc2","workflowName":"My workflow","executionId":"1","nodeType":"n8n-nodes-base.manualTrigger","nodeName":"When clicking ‘Execute workflow’","nodeId":"e1707955-41b6-4ba7-a178-5656e361ee98"}}
{"__type":"$$EventMessageConfirm","confirm":"f9ede126-d300-4958-afac-7e72caa1da35","ts":"2025-10-18T05:46:13.258+00:00","source":{"id":"0","name":"eventBus"}}
{"__type":"$$EventMessageNode","id":"0863261c-8fd4-42df-9ea5-2c22f9fc0184","ts":"2025-10-18T05:46:13.259+00:00","eventName":"n8n.node.started","message":"n8n.node.started","payload":{"workflowId":"p4sRSlnbCRxmGZc2","workflowName":"My workflow","executionId":"1","nodeType":"n8n-nodes-base.httpRequest","nodeName":"HTTP Request","nodeId":"1140eb38-1907-4311-8b4e-68dbef5af40e"}}
{"__type":"$$EventMessageConfirm","confirm":"0863261c-8fd4-42df-9ea5-2c22f9fc0184","ts":"2025-10-18T05:46:13.260+00:00","source":{"id":"0","name":"eventBus"}}
{"__type":"$$EventMessageNode","id":"f9422222-4f70-4ea4-a177-3befd408aeb8","ts":"2025-10-18T01:46:14.331-04:00","eventName":"n8n.node.finished","message":"n8n.node.finished","payload":{"workflowId":"p4sRSlnbCRxmGZc2","workflowName":"My workflow","executionId":"1","nodeType":"n8n-nodes-base.httpRequest","nodeName":"HTTP Request","nodeId":"1140eb38-1907-4311-8b4e-68dbef5af40e"}}
{"__type":"$$EventMessageConfirm","confirm":"f9422222-4f70-4ea4-a177-3befd408aeb8","ts":"2025-10-18T01:46:14.331-04:00","source":{"id":"0","name":"eventBus"}}
{"__type":"$$EventMessageWorkflow","id":"fec435c9-a225-45a8-9335-bce25dfce7b8","ts":"2025-10-18T01:46:14.345-04:00","eventName":"n8n.workflow.success","message":"n8n.workflow.success","payload":{"userId":"39064bdd-73ac-4d3e-9c42-3f973a056be9","executionId":"1","success":true,"isManual":true,"workflowId":"p4sRSlnbCRxmGZc2","workflowName":"My workflow"}}
{"__type":"$$EventMessageConfirm","confirm":"fec435c9-a225-45a8-9335-bce25dfce7b8","ts":"2025-10-18T01:46:14.345-04:00","source":{"id":"0","name":"eventBus"}}
{"__type":"$$EventMessageWorkflow","id":"f558519a-8735-4315-bd97-f5beda8310a2","ts":"2025-10-18T01:47:12.812-04:00","eventName":"n8n.workflow.started","message":"n8n.workflow.started","payload":{"executionId":"2","workflowId":"p4sRSlnbCRxmGZc2","isManual":false,"workflowName":"My workflow"}}
{"__type":"$$EventMessageConfirm","confirm":"f558519a-8735-4315-bd97-f5beda8310a2","ts":"2025-10-18T01:47:12.813-04:00","source":{"id":"0","name":"eventBus"}}
{"__type":"$$EventMessageNode","id":"2c7afd69-15f5-4d6c-86dd-cbbcc4ad225c","ts":"2025-10-18T01:47:12.814-04:00","eventName":"n8n.node.started","message":"n8n.node.started","payload":{"workflowId":"p4sRSlnbCRxmGZc2","workflowName":"My workflow","executionId":"2","nodeType":"n8n-nodes-base.httpRequest","nodeName":"HTTP Request","nodeId":"1140eb38-1907-4311-8b4e-68dbef5af40e"}}
{"__type":"$$EventMessageConfirm","confirm":"2c7afd69-15f5-4d6c-86dd-cbbcc4ad225c","ts":"2025-10-18T01:47:12.814-04:00","source":{"id":"0","name":"eventBus"}}
{"__type":"$$EventMessageNode","id":"7b152931-8845-459d-8aa4-1411ddd28177","ts":"2025-10-18T01:47:13.465-04:00","eventName":"n8n.node.finished","message":"n8n.node.finished","payload":{"workflowId":"p4sRSlnbCRxmGZc2","workflowName":"My workflow","executionId":"2","nodeType":"n8n-nodes-base.httpRequest","nodeName":"HTTP Request","nodeId":"1140eb38-1907-4311-8b4e-68dbef5af40e"}}
{"__type":"$$EventMessageConfirm","confirm":"7b152931-8845-459d-8aa4-1411ddd28177","ts":"2025-10-18T01:47:13.465-04:00","source":{"id":"0","name":"eventBus"}}
{"__type":"$$EventMessageWorkflow","id":"34029fae-1fe6-48e6-9359-d614e5739593","ts":"2025-10-18T01:47:13.475-04:00","eventName":"n8n.workflow.success","message":"n8n.workflow.success","payload":{"userId":"39064bdd-73ac-4d3e-9c42-3f973a056be9","executionId":"2","success":true,"isManual":true,"workflowId":"p4sRSlnbCRxmGZc2","workflowName":"My workflow"}}
{"__type":"$$EventMessageConfirm","confirm":"34029fae-1fe6-48e6-9359-d614e5739593","ts":"2025-10-18T01:47:13.475-04:00","source":{"id":"0","name":"eventBus"}}
{"__type":"$$EventMessageWorkflow","id":"12d081b6-ced8-4647-a9f1-8ae8d2207b8e","ts":"2025-10-18T01:47:47.080-04:00","eventName":"n8n.workflow.started","message":"n8n.workflow.started","payload":{"executionId":"3","workflowId":"p4sRSlnbCRxmGZc2","isManual":false,"workflowName":"My workflow"}}
{"__type":"$$EventMessageConfirm","confirm":"12d081b6-ced8-4647-a9f1-8ae8d2207b8e","ts":"2025-10-18T01:47:47.080-04:00","source":{"id":"0","name":"eventBus"}}
{"__type":"$$EventMessageNode","id":"c0160673-85ed-4d4d-b5b4-30ce59a4361e","ts":"2025-10-18T01:47:47.082-04:00","eventName":"n8n.node.started","message":"n8n.node.started","payload":{"workflowId":"p4sRSlnbCRxmGZc2","workflowName":"My workflow","executionId":"3","nodeType":"n8n-nodes-base.code","nodeName":"Code in JavaScript","nodeId":"5b966e08-f222-48c9-9d50-19cea1a5252b"}}
{"__type":"$$EventMessageConfirm","confirm":"c0160673-85ed-4d4d-b5b4-30ce59a4361e","ts":"2025-10-18T01:47:47.082-04:00","source":{"id":"0","name":"eventBus"}}
{"__type":"$$EventMessageNode","id":"cd7aa667-e030-48e2-9bad-d87213c7c20a","ts":"2025-10-18T01:47:47.134-04:00","eventName":"n8n.node.finished","message":"n8n.node.finished","payload":{"workflowId":"p4sRSlnbCRxmGZc2","workflowName":"My workflow","executionId":"3","nodeType":"n8n-nodes-base.code","nodeName":"Code in JavaScript","nodeId":"5b966e08-f222-48c9-9d50-19cea1a5252b"}}
{"__type":"$$EventMessageConfirm","confirm":"cd7aa667-e030-48e2-9bad-d87213c7c20a","ts":"2025-10-18T01:47:47.134-04:00","source":{"id":"0","name":"eventBus"}}
{"__type":"$$EventMessageWorkflow","id":"4f2cf16b-b4cd-4e6e-943f-6b5dd4ae9b01","ts":"2025-10-18T01:47:47.137-04:00","eventName":"n8n.workflow.success","message":"n8n.workflow.success","payload":{"userId":"39064bdd-73ac-4d3e-9c42-3f973a056be9","executionId":"3","success":true,"isManual":true,"workflowId":"p4sRSlnbCRxmGZc2","workflowName":"My workflow"}}
{"__type":"$$EventMessageConfirm","confirm":"4f2cf16b-b4cd-4e6e-943f-6b5dd4ae9b01","ts":"2025-10-18T01:47:47.138-04:00","source":{"id":"0","name":"eventBus"}}
{"__type":"$$EventMessageWorkflow","id":"53ce101d-8d1a-4cd7-b4d8-b324b5522f84","ts":"2025-10-18T01:48:17.695-04:00","eventName":"n8n.workflow.failed","message":"n8n.workflow.failed","payload":{"userId":"39064bdd-73ac-4d3e-9c42-3f973a056be9","executionId":"4","success":false,"isManual":true,"workflowId":"p4sRSlnbCRxmGZc2","workflowName":"My workflow","errorMessage":"The workflow has issues and cannot be executed for that reason. Please fix them first."}}
{"__type":"$$EventMessageConfirm","confirm":"53ce101d-8d1a-4cd7-b4d8-b324b5522f84","ts":"2025-10-18T01:48:17.695-04:00","source":{"id":"0","name":"eventBus"}}
{"__type":"$$EventMessageWorkflow","id":"22a482e5-d93c-4801-b504-11ea4b77ac0f","ts":"2025-10-18T01:48:24.988-04:00","eventName":"n8n.workflow.failed","message":"n8n.workflow.failed","payload":{"userId":"39064bdd-73ac-4d3e-9c42-3f973a056be9","executionId":"5","success":false,"isManual":true,"workflowId":"p4sRSlnbCRxmGZc2","workflowName":"My workflow","errorMessage":"The workflow has issues and cannot be executed for that reason. Please fix them first."}}
{"__type":"$$EventMessageConfirm","confirm":"22a482e5-d93c-4801-b504-11ea4b77ac0f","ts":"2025-10-18T01:48:24.988-04:00","source":{"id":"0","name":"eventBus"}}
{"__type":"$$EventMessageWorkflow","id":"3105c8d5-6892-46ab-af5d-b1582ccbb736","ts":"2025-10-18T01:48:34.559-04:00","eventName":"n8n.workflow.failed","message":"n8n.workflow.failed","payload":{"userId":"39064bdd-73ac-4d3e-9c42-3f973a056be9","executionId":"6","success":false,"isManual":true,"workflowId":"p4sRSlnbCRxmGZc2","workflowName":"My workflow","errorMessage":"The workflow has issues and cannot be executed for that reason. Please fix them first."}}
{"__type":"$$EventMessageConfirm","confirm":"3105c8d5-6892-46ab-af5d-b1582ccbb736","ts":"2025-10-18T01:48:34.560-04:00","source":{"id":"0","name":"eventBus"}}
{"__type":"$$EventMessageWorkflow","id":"73300f03-a1df-439f-ae71-ba509a208cec","ts":"2025-10-18T01:49:11.619-04:00","eventName":"n8n.workflow.failed","message":"n8n.workflow.failed","payload":{"userId":"39064bdd-73ac-4d3e-9c42-3f973a056be9","executionId":"7","success":false,"isManual":true,"workflowId":"p4sRSlnbCRxmGZc2","workflowName":"My workflow","errorMessage":"The workflow has issues and cannot be executed for that reason. Please fix them first."}}
{"__type":"$$EventMessageConfirm","confirm":"73300f03-a1df-439f-ae71-ba509a208cec","ts":"2025-10-18T01:49:11.620-04:00","source":{"id":"0","name":"eventBus"}}
{"__type":"$$EventMessageWorkflow","id":"a9f2ba4f-3dc0-49ac-9997-2a07a0add7a9","ts":"2025-10-18T01:49:35.111-04:00","eventName":"n8n.workflow.failed","message":"n8n.workflow.failed","payload":{"userId":"39064bdd-73ac-4d3e-9c42-3f973a056be9","executionId":"8","success":false,"isManual":true,"workflowId":"p4sRSlnbCRxmGZc2","workflowName":"My workflow","errorMessage":"The workflow has issues and cannot be executed for that reason. Please fix them first."}}
{"__type":"$$EventMessageConfirm","confirm":"a9f2ba4f-3dc0-49ac-9997-2a07a0add7a9","ts":"2025-10-18T01:49:35.111-04:00","source":{"id":"0","name":"eventBus"}}
{"__type":"$$EventMessageWorkflow","id":"0e5952ed-ddbf-46c1-8b95-551abd825b20","ts":"2025-10-18T01:49:49.688-04:00","eventName":"n8n.workflow.failed","message":"n8n.workflow.failed","payload":{"userId":"39064bdd-73ac-4d3e-9c42-3f973a056be9","executionId":"9","success":false,"isManual":true,"workflowId":"p4sRSlnbCRxmGZc2","workflowName":"My workflow","errorMessage":"The workflow has issues and cannot be executed for that reason. Please fix them first."}}
{"__type":"$$EventMessageConfirm","confirm":"0e5952ed-ddbf-46c1-8b95-551abd825b20","ts":"2025-10-18T01:49:49.688-04:00","source":{"id":"0","name":"eventBus"}}
{"__type":"$$EventMessageWorkflow","id":"1a7e88fd-e929-4a3b-be99-1bfbbc4b2ec2","ts":"2025-10-18T13:48:48.791-04:00","eventName":"n8n.workflow.started","message":"n8n.workflow.started","payload":{"executionId":"10","workflowId":"p4sRSlnbCRxmGZc2","isManual":false,"workflowName":"My workflow"}}
{"__type":"$$EventMessageConfirm","confirm":"1a7e88fd-e929-4a3b-be99-1bfbbc4b2ec2","ts":"2025-10-18T13:48:48.792-04:00","source":{"id":"0","name":"eventBus"}}
{"__type":"$$EventMessageNode","id":"9cb24707-334d-44a6-8c41-c10ad1491e9e","ts":"2025-10-18T13:48:48.794-04:00","eventName":"n8n.node.started","message":"n8n.node.started","payload":{"workflowId":"p4sRSlnbCRxmGZc2","workflowName":"My workflow","executionId":"10","nodeType":"n8n-nodes-base.manualTrigger","nodeName":"When clicking ‘Execute workflow’","nodeId":"e1707955-41b6-4ba7-a178-5656e361ee98"}}
{"__type":"$$EventMessageConfirm","confirm":"9cb24707-334d-44a6-8c41-c10ad1491e9e","ts":"2025-10-18T13:48:48.794-04:00","source":{"id":"0","name":"eventBus"}}
{"__type":"$$EventMessageNode","id":"0d281e2f-57cc-4bd8-94e8-b5e588cb26fd","ts":"2025-10-18T13:48:48.808-04:00","eventName":"n8n.node.finished","message":"n8n.node.finished","payload":{"workflowId":"p4sRSlnbCRxmGZc2","workflowName":"My workflow","executionId":"10","nodeType":"n8n-nodes-base.manualTrigger","nodeName":"When clicking ‘Execute workflow’","nodeId":"e1707955-41b6-4ba7-a178-5656e361ee98"}}
{"__type":"$$EventMessageConfirm","confirm":"0d281e2f-57cc-4bd8-94e8-b5e588cb26fd","ts":"2025-10-18T13:48:48.809-04:00","source":{"id":"0","name":"eventBus"}}
{"__type":"$$EventMessageNode","id":"7c5d5cc5-103e-4dbb-982e-4595a97fc08f","ts":"2025-10-18T13:48:48.811-04:00","eventName":"n8n.node.started","message":"n8n.node.started","payload":{"workflowId":"p4sRSlnbCRxmGZc2","workflowName":"My workflow","executionId":"10","nodeType":"n8n-nodes-base.httpRequest","nodeName":"HTTP Request","nodeId":"1140eb38-1907-4311-8b4e-68dbef5af40e"}}
{"__type":"$$EventMessageConfirm","confirm":"7c5d5cc5-103e-4dbb-982e-4595a97fc08f","ts":"2025-10-18T13:48:48.811-04:00","source":{"id":"0","name":"eventBus"}}
{"__type":"$$EventMessageNode","id":"7a083367-f6eb-4878-904f-894eb102c41a","ts":"2025-10-18T13:48:49.539-04:00","eventName":"n8n.node.finished","message":"n8n.node.finished","payload":{"workflowId":"p4sRSlnbCRxmGZc2","workflowName":"My workflow","executionId":"10","nodeType":"n8n-nodes-base.httpRequest","nodeName":"HTTP Request","nodeId":"1140eb38-1907-4311-8b4e-68dbef5af40e"}}
{"__type":"$$EventMessageConfirm","confirm":"7a083367-f6eb-4878-904f-894eb102c41a","ts":"2025-10-18T13:48:49.540-04:00","source":{"id":"0","name":"eventBus"}}
{"__type":"$$EventMessageWorkflow","id":"3af1ea3d-b0b8-47f8-9ee4-0ade9bb4d4a2","ts":"2025-10-18T13:48:49.545-04:00","eventName":"n8n.workflow.success","message":"n8n.workflow.success","payload":{"userId":"39064bdd-73ac-4d3e-9c42-3f973a056be9","executionId":"10","success":true,"isManual":true,"workflowId":"p4sRSlnbCRxmGZc2","workflowName":"My workflow"}}
{"__type":"$$EventMessageConfirm","confirm":"3af1ea3d-b0b8-47f8-9ee4-0ade9bb4d4a2","ts":"2025-10-18T13:48:49.546-04:00","source":{"id":"0","name":"eventBus"}}
{"__type":"$$EventMessageWorkflow","id":"15ae025f-6e54-4696-9ffe-bdd8d4057035","ts":"2025-10-18T13:49:23.572-04:00","eventName":"n8n.workflow.started","message":"n8n.workflow.started","payload":{"executionId":"11","workflowId":"p4sRSlnbCRxmGZc2","isManual":false,"workflowName":"My workflow"}}
{"__type":"$$EventMessageConfirm","confirm":"15ae025f-6e54-4696-9ffe-bdd8d4057035","ts":"2025-10-18T13:49:23.572-04:00","source":{"id":"0","name":"eventBus"}}
{"__type":"$$EventMessageNode","id":"e9547fb4-6e00-4e4f-b779-b720a1e808cb","ts":"2025-10-18T13:49:23.574-04:00","eventName":"n8n.node.started","message":"n8n.node.started","payload":{"workflowId":"p4sRSlnbCRxmGZc2","workflowName":"My workflow","executionId":"11","nodeType":"n8n-nodes-base.code","nodeName":"Code in JavaScript","nodeId":"18e2a021-707b-4047-8b48-afb879eddb96"}}
{"__type":"$$EventMessageConfirm","confirm":"e9547fb4-6e00-4e4f-b779-b720a1e808cb","ts":"2025-10-18T13:49:23.575-04:00","source":{"id":"0","name":"eventBus"}}
{"__type":"$$EventMessageNode","id":"c48ca479-e117-4324-b387-9222a0b33ec2","ts":"2025-10-18T13:49:23.637-04:00","eventName":"n8n.node.finished","message":"n8n.node.finished","payload":{"workflowId":"p4sRSlnbCRxmGZc2","workflowName":"My workflow","executionId":"11","nodeType":"n8n-nodes-base.code","nodeName":"Code in JavaScript","nodeId":"18e2a021-707b-4047-8b48-afb879eddb96"}}
{"__type":"$$EventMessageConfirm","confirm":"c48ca479-e117-4324-b387-9222a0b33ec2","ts":"2025-10-18T13:49:23.638-04:00","source":{"id":"0","name":"eventBus"}}
{"__type":"$$EventMessageWorkflow","id":"2c37257d-9a23-4ec4-acef-3015fbc50157","ts":"2025-10-18T13:49:23.645-04:00","eventName":"n8n.workflow.success","message":"n8n.workflow.success","payload":{"userId":"39064bdd-73ac-4d3e-9c42-3f973a056be9","executionId":"11","success":true,"isManual":true,"workflowId":"p4sRSlnbCRxmGZc2","workflowName":"My workflow"}}
{"__type":"$$EventMessageConfirm","confirm":"2c37257d-9a23-4ec4-acef-3015fbc50157","ts":"2025-10-18T13:49:23.645-04:00","source":{"id":"0","name":"eventBus"}}
{"__type":"$$EventMessageAudit","id":"bb221abc-eb05-4f6a-bd8a-0fe66e129e60","ts":"2025-10-18T13:49:27.736-04:00","eventName":"n8n.audit.workflow.updated","message":"n8n.audit.workflow.updated","payload":{"userId":"39064bdd-73ac-4d3e-9c42-3f973a056be9","_email":"ddeboraf.mar@gmail.com","_firstName":"Debora","_lastName":"martins","globalRole":"global:owner","workflowId":"p4sRSlnbCRxmGZc2","workflowName":"My workflow"}}
{"__type":"$$EventMessageConfirm","confirm":"bb221abc-eb05-4f6a-bd8a-0fe66e129e60","ts":"2025-10-18T13:49:27.736-04:00","source":{"id":"0","name":"eventBus"}}
{"__type":"$$EventMessageWorkflow","id":"cadf7f0a-e67d-43df-be38-f3eea6b8ab7b","ts":"2025-10-18T13:50:14.291-04:00","eventName":"n8n.workflow.started","message":"n8n.workflow.started","payload":{"executionId":"12","workflowId":"p4sRSlnbCRxmGZc2","isManual":false,"workflowName":"My workflow"}}
{"__type":"$$EventMessageConfirm","confirm":"cadf7f0a-e67d-43df-be38-f3eea6b8ab7b","ts":"2025-10-18T13:50:14.291-04:00","source":{"id":"0","name":"eventBus"}}
{"__type":"$$EventMessageNode","id":"bc473b81-8c11-43e8-8201-5ead966281c7","ts":"2025-10-18T13:50:14.291-04:00","eventName":"n8n.node.started","message":"n8n.node.started","payload":{"workflowId":"p4sRSlnbCRxmGZc2","workflowName":"My workflow","executionId":"12","nodeType":"n8n-nodes-base.manualTrigger","nodeName":"When clicking ‘Execute workflow’","nodeId":"e1707955-41b6-4ba7-a178-5656e361ee98"}}
{"__type":"$$EventMessageConfirm","confirm":"bc473b81-8c11-43e8-8201-5ead966281c7","ts":"2025-10-18T13:50:14.292-04:00","source":{"id":"0","name":"eventBus"}}
{"__type":"$$EventMessageNode","id":"40010cf1-68c5-4f31-9325-a9fcee397394","ts":"2025-10-18T13:50:14.293-04:00","eventName":"n8n.node.finished","message":"n8n.node.finished","payload":{"workflowId":"p4sRSlnbCRxmGZc2","workflowName":"My workflow","executionId":"12","nodeType":"n8n-nodes-base.manualTrigger","nodeName":"When clicking ‘Execute workflow’","nodeId":"e1707955-41b6-4ba7-a178-5656e361ee98"}}
{"__type":"$$EventMessageConfirm","confirm":"40010cf1-68c5-4f31-9325-a9fcee397394","ts":"2025-10-18T13:50:14.293-04:00","source":{"id":"0","name":"eventBus"}}
{"__type":"$$EventMessageNode","id":"035f4b02-5dd5-4051-9e41-565836d4b9b9","ts":"2025-10-18T13:50:14.294-04:00","eventName":"n8n.node.started","message":"n8n.node.started","payload":{"workflowId":"p4sRSlnbCRxmGZc2","workflowName":"My workflow","executionId":"12","nodeType":"n8n-nodes-base.httpRequest","nodeName":"HTTP Request","nodeId":"1140eb38-1907-4311-8b4e-68dbef5af40e"}}
{"__type":"$$EventMessageConfirm","confirm":"035f4b02-5dd5-4051-9e41-565836d4b9b9","ts":"2025-10-18T13:50:14.294-04:00","source":{"id":"0","name":"eventBus"}}
{"__type":"$$EventMessageNode","id":"f1697c5e-8e04-42ff-bf12-8a252e7111e5","ts":"2025-10-18T13:50:14.886-04:00","eventName":"n8n.node.finished","message":"n8n.node.finished","payload":{"workflowId":"p4sRSlnbCRxmGZc2","workflowName":"My workflow","executionId":"12","nodeType":"n8n-nodes-base.httpRequest","nodeName":"HTTP Request","nodeId":"1140eb38-1907-4311-8b4e-68dbef5af40e"}}
{"__type":"$$EventMessageConfirm","confirm":"f1697c5e-8e04-42ff-bf12-8a252e7111e5","ts":"2025-10-18T13:50:14.886-04:00","source":{"id":"0","name":"eventBus"}}
{"__type":"$$EventMessageNode","id":"c8a5c917-8a57-4f9a-b449-4b06db265869","ts":"2025-10-18T13:50:14.889-04:00","eventName":"n8n.node.started","message":"n8n.node.started","payload":{"workflowId":"p4sRSlnbCRxmGZc2","workflowName":"My workflow","executionId":"12","nodeType":"n8n-nodes-base.code","nodeName":"Code in JavaScript","nodeId":"18e2a021-707b-4047-8b48-afb879eddb96"}}
{"__type":"$$EventMessageConfirm","confirm":"c8a5c917-8a57-4f9a-b449-4b06db265869","ts":"2025-10-18T13:50:14.889-04:00","source":{"id":"0","name":"eventBus"}}
{"__type":"$$EventMessageNode","id":"6e087403-c786-462e-956c-d704157bcc2e","ts":"2025-10-18T13:50:14.906-04:00","eventName":"n8n.node.finished","message":"n8n.node.finished","payload":{"workflowId":"p4sRSlnbCRxmGZc2","workflowName":"My workflow","executionId":"12","nodeType":"n8n-nodes-base.code","nodeName":"Code in JavaScript","nodeId":"18e2a021-707b-4047-8b48-afb879eddb96"}}
{"__type":"$$EventMessageConfirm","confirm":"6e087403-c786-462e-956c-d704157bcc2e","ts":"2025-10-18T13:50:14.906-04:00","source":{"id":"0","name":"eventBus"}}
{"__type":"$$EventMessageNode","id":"be3ce940-3829-4818-aabe-0dd021ce94f0","ts":"2025-10-18T13:50:14.908-04:00","eventName":"n8n.node.started","message":"n8n.node.started","payload":{"workflowId":"p4sRSlnbCRxmGZc2","workflowName":"My workflow","executionId":"12","nodeType":"n8n-nodes-base.set","nodeName":"Edit Fields","nodeId":"887a01e8-3243-4d1d-9278-10b48eb8f1c8"}}
{"__type":"$$EventMessageConfirm","confirm":"be3ce940-3829-4818-aabe-0dd021ce94f0","ts":"2025-10-18T13:50:14.908-04:00","source":{"id":"0","name":"eventBus"}}
{"__type":"$$EventMessageNode","id":"ef62c19a-123c-45aa-9989-a0133f635ed2","ts":"2025-10-18T13:50:15.102-04:00","eventName":"n8n.node.finished","message":"n8n.node.finished","payload":{"workflowId":"p4sRSlnbCRxmGZc2","workflowName":"My workflow","executionId":"12","nodeType":"n8n-nodes-base.set","nodeName":"Edit Fields","nodeId":"887a01e8-3243-4d1d-9278-10b48eb8f1c8"}}
{"__type":"$$EventMessageConfirm","confirm":"ef62c19a-123c-45aa-9989-a0133f635ed2","ts":"2025-10-18T13:50:15.103-04:00","source":{"id":"0","name":"eventBus"}}
{"__type":"$$EventMessageWorkflow","id":"886ae992-d494-4be2-8ab2-bab89ddbc622","ts":"2025-10-18T13:50:15.115-04:00","eventName":"n8n.workflow.success","message":"n8n.workflow.success","payload":{"userId":"39064bdd-73ac-4d3e-9c42-3f973a056be9","executionId":"12","success":true,"isManual":true,"workflowId":"p4sRSlnbCRxmGZc2","workflowName":"My workflow"}}
{"__type":"$$EventMessageConfirm","confirm":"886ae992-d494-4be2-8ab2-bab89ddbc622","ts":"2025-10-18T13:50:15.116-04:00","source":{"id":"0","name":"eventBus"}}
{"__type":"$$EventMessageWorkflow","id":"e7ebd941-a961-4dd3-a058-e19f424c0878","ts":"2025-10-18T13:50:44.124-04:00","eventName":"n8n.workflow.started","message":"n8n.workflow.started","payload":{"executionId":"13","workflowId":"p4sRSlnbCRxmGZc2","isManual":false,"workflowName":"My workflow"}}
{"__type":"$$EventMessageConfirm","confirm":"e7ebd941-a961-4dd3-a058-e19f424c0878","ts":"2025-10-18T13:50:44.125-04:00","source":{"id":"0","name":"eventBus"}}
{"__type":"$$EventMessageNode","id":"ce62b959-da6a-496a-adef-55074b65d689","ts":"2025-10-18T13:50:44.134-04:00","eventName":"n8n.node.started","message":"n8n.node.started","payload":{"workflowId":"p4sRSlnbCRxmGZc2","workflowName":"My workflow","executionId":"13","nodeType":"n8n-nodes-base.mySql","nodeName":"Insert rows in a table","nodeId":"2bacda24-bbfb-46e5-b903-68cbf1222b04"}}
{"__type":"$$EventMessageConfirm","confirm":"ce62b959-da6a-496a-adef-55074b65d689","ts":"2025-10-18T13:50:44.134-04:00","source":{"id":"0","name":"eventBus"}}
{"__type":"$$EventMessageNode","id":"eea913d7-1310-4ee7-8f00-209838083fd0","ts":"2025-10-18T13:50:44.211-04:00","eventName":"n8n.node.finished","message":"n8n.node.finished","payload":{"workflowId":"p4sRSlnbCRxmGZc2","workflowName":"My workflow","executionId":"13","nodeType":"n8n-nodes-base.mySql","nodeName":"Insert rows in a table","nodeId":"2bacda24-bbfb-46e5-b903-68cbf1222b04"}}
{"__type":"$$EventMessageConfirm","confirm":"eea913d7-1310-4ee7-8f00-209838083fd0","ts":"2025-10-18T13:50:44.211-04:00","source":{"id":"0","name":"eventBus"}}
{"__type":"$$EventMessageWorkflow","id":"a693b5c0-9d22-414a-96ab-e4d51359151c","ts":"2025-10-18T13:50:44.214-04:00","eventName":"n8n.workflow.success","message":"n8n.workflow.success","payload":{"userId":"39064bdd-73ac-4d3e-9c42-3f973a056be9","executionId":"13","success":true,"isManual":true,"workflowId":"p4sRSlnbCRxmGZc2","workflowName":"My workflow"}}
{"__type":"$$EventMessageConfirm","confirm":"a693b5c0-9d22-414a-96ab-e4d51359151c","ts":"2025-10-18T13:50:44.214-04:00","source":{"id":"0","name":"eventBus"}}
